"D:/UnrealEngineProjects/GameJam/Content/2DSideScroller/Textures/2DBackgroundTile.uasset" 0
"D:/UnrealEngineProjects/GameJam/Content/2DSideScroller/Textures/2DBackgroundTile.uexp" 1
"D:/UnrealEngineProjects/GameJam/Content/2DSideScroller/Materials/PrototypingSpriteMaterial.uasset" 2
"D:/UnrealEngineProjects/GameJam/Content/2DSideScroller/Materials/PrototypingSpriteMaterial.uexp" 3
"D:/UnrealEngineProjects/GameJam/Content/2DSideScroller/Sprites/PrototypingSprite.uasset" 4
"D:/UnrealEngineProjects/GameJam/Content/2DSideScroller/Sprites/PrototypingSprite.uexp" 5
"D:/UnrealEngineProjects/GameJam/Content/Blueprints/Structs/Decision.uasset" 6
"D:/UnrealEngineProjects/GameJam/Content/Blueprints/Structs/Decision.uexp" 7
"D:/UnrealEngineProjects/GameJam/Content/Blueprints/Structs/DialogText.uasset" 8
"D:/UnrealEngineProjects/GameJam/Content/Blueprints/Structs/DialogText.uexp" 9
"D:/UnrealEngineProjects/GameJam/Content/Blueprints/Structs/FDecisions.uasset" 10
"D:/UnrealEngineProjects/GameJam/Content/Blueprints/Structs/FDecisions.uexp" 11
"D:/UnrealEngineProjects/GameJam/Content/Fonts/Fugaz_One/Inkut/InknutAntiqua-Black.uasset" 12
"D:/UnrealEngineProjects/GameJam/Content/Fonts/Fugaz_One/Inkut/InknutAntiqua-Black.uexp" 13
"D:/UnrealEngineProjects/GameJam/Content/Fonts/Fugaz_One/Inkut/InknutAntiqua-Black.ufont" 14
"D:/UnrealEngineProjects/GameJam/Content/Fonts/Fugaz_One/Inkut/InknutAntiqua-Black_Font.uasset" 15
"D:/UnrealEngineProjects/GameJam/Content/Fonts/Fugaz_One/Inkut/InknutAntiqua-Black_Font.uexp" 16
"D:/UnrealEngineProjects/GameJam/Content/Fonts/Fugaz_One/Inkut/InknutAntiqua-Medium.uasset" 17
"D:/UnrealEngineProjects/GameJam/Content/Fonts/Fugaz_One/Inkut/InknutAntiqua-Medium.uexp" 18
"D:/UnrealEngineProjects/GameJam/Content/Fonts/Fugaz_One/Inkut/InknutAntiqua-Medium.ufont" 19
"D:/UnrealEngineProjects/GameJam/Content/Fonts/Fugaz_One/Inkut/InknutAntiqua-Medium_Font.uasset" 20
"D:/UnrealEngineProjects/GameJam/Content/Fonts/Fugaz_One/Inkut/InknutAntiqua-Medium_Font.uexp" 21
"D:/UnrealEngineProjects/GameJam/Content/Fonts/Fugaz_One/Inkut/InknutAntiqua-Regular.uasset" 22
"D:/UnrealEngineProjects/GameJam/Content/Fonts/Fugaz_One/Inkut/InknutAntiqua-Regular.uexp" 23
"D:/UnrealEngineProjects/GameJam/Content/Fonts/Fugaz_One/Inkut/InknutAntiqua-Regular.ufont" 24
"D:/UnrealEngineProjects/GameJam/Content/Fonts/Fugaz_One/Inkut/InknutAntiqua-Regular_Font.uasset" 25
"D:/UnrealEngineProjects/GameJam/Content/Fonts/Fugaz_One/Inkut/InknutAntiqua-Regular_Font.uexp" 26
"D:/UnrealEngineProjects/GameJam/Content/Fonts/Fugaz_One/Inkut/InknutAntiqua-SemiBold.uasset" 27
"D:/UnrealEngineProjects/GameJam/Content/Fonts/Fugaz_One/Inkut/InknutAntiqua-SemiBold.uexp" 28
"D:/UnrealEngineProjects/GameJam/Content/Fonts/Fugaz_One/Inkut/InknutAntiqua-SemiBold.ufont" 29
"D:/UnrealEngineProjects/GameJam/Content/Fonts/Fugaz_One/Inkut/InknutAntiqua-SemiBold_Font.uasset" 30
"D:/UnrealEngineProjects/GameJam/Content/Fonts/Fugaz_One/Inkut/InknutAntiqua-SemiBold_Font.uexp" 31
"D:/UnrealEngineProjects/GameJam/Content/Materials/BaseMat.uasset" 32
"D:/UnrealEngineProjects/GameJam/Content/Materials/BaseMat.uexp" 33
"D:/UnrealEngineProjects/GameJam/Content/Materials/CardMat.uasset" 34
"D:/UnrealEngineProjects/GameJam/Content/Materials/CardMat.uexp" 35
"D:/UnrealEngineProjects/GameJam/Content/Materials/DefensiveMat.uasset" 36
"D:/UnrealEngineProjects/GameJam/Content/Materials/DefensiveMat.uexp" 37
"D:/UnrealEngineProjects/GameJam/Content/Materials/IntelectMat.uasset" 38
"D:/UnrealEngineProjects/GameJam/Content/Materials/IntelectMat.uexp" 39
"D:/UnrealEngineProjects/GameJam/Content/Materials/OffensiveMat.uasset" 40
"D:/UnrealEngineProjects/GameJam/Content/Materials/OffensiveMat.uexp" 41
"D:/UnrealEngineProjects/GameJam/Content/Music_And_Sounds/Music/bad_ending_zorra.uasset" 42
"D:/UnrealEngineProjects/GameJam/Content/Music_And_Sounds/Music/bad_ending_zorra.uexp" 43
"D:/UnrealEngineProjects/GameJam/Content/Music_And_Sounds/Music/bad_ending_zorra_Cue.uasset" 44
"D:/UnrealEngineProjects/GameJam/Content/Music_And_Sounds/Music/bad_ending_zorra_Cue.uexp" 45
"D:/UnrealEngineProjects/GameJam/Content/Music_And_Sounds/Sounds/CardSlideLong.uasset" 46
"D:/UnrealEngineProjects/GameJam/Content/Music_And_Sounds/Sounds/CardSlideLong.uexp" 47
"D:/UnrealEngineProjects/GameJam/Content/Music_And_Sounds/Sounds/CardSlideShort.uasset" 48
"D:/UnrealEngineProjects/GameJam/Content/Music_And_Sounds/Sounds/CardSlideShort.uexp" 49
"D:/UnrealEngineProjects/GameJam/Content/Spines/qural.uasset" 50
"D:/UnrealEngineProjects/GameJam/Content/Spines/qural.uexp" 51
"D:/UnrealEngineProjects/GameJam/Content/Spines/qural_2.uasset" 52
"D:/UnrealEngineProjects/GameJam/Content/Spines/qural_2.uexp" 53
"D:/UnrealEngineProjects/GameJam/Content/Textures/Background/algas_1.uasset" 54
"D:/UnrealEngineProjects/GameJam/Content/Textures/Background/algas_1.uexp" 55
"D:/UnrealEngineProjects/GameJam/Content/Textures/Background/algas_2.uasset" 56
"D:/UnrealEngineProjects/GameJam/Content/Textures/Background/algas_2.uexp" 57
"D:/UnrealEngineProjects/GameJam/Content/Textures/Background/bg_0.uasset" 58
"D:/UnrealEngineProjects/GameJam/Content/Textures/Background/bg_0.uexp" 59
"D:/UnrealEngineProjects/GameJam/Content/Textures/Background/DegradadoGrises.uasset" 60
"D:/UnrealEngineProjects/GameJam/Content/Textures/Background/DegradadoGrises.uexp" 61
"D:/UnrealEngineProjects/GameJam/Content/Textures/Background/DegradadoGrises.ubulk" 62
"D:/UnrealEngineProjects/GameJam/Content/Textures/Background/bg_0_Mat.uasset" 63
"D:/UnrealEngineProjects/GameJam/Content/Textures/Background/bg_0_Mat.uexp" 64
"D:/UnrealEngineProjects/GameJam/Content/Textures/Background/bg_1.uasset" 65
"D:/UnrealEngineProjects/GameJam/Content/Textures/Background/bg_1.uexp" 66
"D:/UnrealEngineProjects/GameJam/Content/Textures/Background/bg_1_Mat.uasset" 67
"D:/UnrealEngineProjects/GameJam/Content/Textures/Background/bg_1_Mat.uexp" 68
"D:/UnrealEngineProjects/GameJam/Content/Textures/Background/bg_2.uasset" 69
"D:/UnrealEngineProjects/GameJam/Content/Textures/Background/bg_2.uexp" 70
"D:/UnrealEngineProjects/GameJam/Content/Textures/Background/bg_2_Mat.uasset" 71
"D:/UnrealEngineProjects/GameJam/Content/Textures/Background/bg_2_Mat.uexp" 72
"D:/UnrealEngineProjects/GameJam/Content/Textures/Background/coral_2.uasset" 73
"D:/UnrealEngineProjects/GameJam/Content/Textures/Background/coral_2.uexp" 74
"D:/UnrealEngineProjects/GameJam/Content/Textures/Background/coral_3.uasset" 75
"D:/UnrealEngineProjects/GameJam/Content/Textures/Background/coral_3.uexp" 76
"D:/UnrealEngineProjects/GameJam/Content/Textures/Background/coral_4a.uasset" 77
"D:/UnrealEngineProjects/GameJam/Content/Textures/Background/coral_4a.uexp" 78
"D:/UnrealEngineProjects/GameJam/Content/Textures/Background/coral_4b.uasset" 79
"D:/UnrealEngineProjects/GameJam/Content/Textures/Background/coral_4b.uexp" 80
"D:/UnrealEngineProjects/GameJam/Content/Textures/Background/coral_4b_Mat.uasset" 81
"D:/UnrealEngineProjects/GameJam/Content/Textures/Background/coral_4b_Mat.uexp" 82
"D:/UnrealEngineProjects/GameJam/Content/Textures/Background/mesa.uasset" 83
"D:/UnrealEngineProjects/GameJam/Content/Textures/Background/mesa.uexp" 84
"D:/UnrealEngineProjects/GameJam/Content/Textures/Background/mesa_Mat.uasset" 85
"D:/UnrealEngineProjects/GameJam/Content/Textures/Background/mesa_Mat.uexp" 86
"D:/UnrealEngineProjects/GameJam/Content/Textures/Background2/bg_0.uasset" 87
"D:/UnrealEngineProjects/GameJam/Content/Textures/Background2/bg_0.uexp" 88
"D:/UnrealEngineProjects/GameJam/Content/Textures/Background2/bg_2.uasset" 89
"D:/UnrealEngineProjects/GameJam/Content/Textures/Background2/bg_2.uexp" 90
"D:/UnrealEngineProjects/GameJam/Content/Textures/Buttons/External_Central.uasset" 91
"D:/UnrealEngineProjects/GameJam/Content/Textures/Buttons/External_Central.uexp" 92
"D:/UnrealEngineProjects/GameJam/Content/Textures/Buttons/External_Derecha.uasset" 93
"D:/UnrealEngineProjects/GameJam/Content/Textures/Buttons/External_Derecha.uexp" 94
"D:/UnrealEngineProjects/GameJam/Content/Textures/Buttons/External_Izquierda.uasset" 95
"D:/UnrealEngineProjects/GameJam/Content/Textures/Buttons/External_Izquierda.uexp" 96
"D:/UnrealEngineProjects/GameJam/Content/Textures/Buttons/Full_derecha.uasset" 97
"D:/UnrealEngineProjects/GameJam/Content/Textures/Buttons/Full_derecha.uexp" 98
"D:/UnrealEngineProjects/GameJam/Content/Textures/Buttons/Full_izquierda.uasset" 99
"D:/UnrealEngineProjects/GameJam/Content/Textures/Buttons/Full_izquierda.uexp" 100
"D:/UnrealEngineProjects/GameJam/Content/Textures/Buttons/Internal_Derecha.uasset" 101
"D:/UnrealEngineProjects/GameJam/Content/Textures/Buttons/Internal_Derecha.uexp" 102
"D:/UnrealEngineProjects/GameJam/Content/Textures/Buttons/Internal_Izquierda.uasset" 103
"D:/UnrealEngineProjects/GameJam/Content/Textures/Buttons/Internal_Izquierda.uexp" 104
"D:/UnrealEngineProjects/GameJam/Content/Textures/Buttons/Regular_derecha.uasset" 105
"D:/UnrealEngineProjects/GameJam/Content/Textures/Buttons/Regular_derecha.uexp" 106
"D:/UnrealEngineProjects/GameJam/Content/Textures/Buttons/Regular_izzquierda.uasset" 107
"D:/UnrealEngineProjects/GameJam/Content/Textures/Buttons/Regular_izzquierda.uexp" 108
"D:/UnrealEngineProjects/GameJam/Content/Textures/FinalTextures/coral_4b.uasset" 109
"D:/UnrealEngineProjects/GameJam/Content/Textures/FinalTextures/coral_4b.uexp" 110
"D:/UnrealEngineProjects/GameJam/Content/Textures/hand/dedo_zhuri.uasset" 111
"D:/UnrealEngineProjects/GameJam/Content/Textures/hand/dedo_zhuri.uexp" 112
"D:/UnrealEngineProjects/GameJam/Content/Textures/hand/dedo_zhuri_Mat.uasset" 113
"D:/UnrealEngineProjects/GameJam/Content/Textures/hand/dedo_zhuri_Mat.uexp" 114
"D:/UnrealEngineProjects/GameJam/Content/Textures/hand/mano_zhuri.uasset" 115
"D:/UnrealEngineProjects/GameJam/Content/Textures/hand/mano_zhuri.uexp" 116
"D:/UnrealEngineProjects/GameJam/Content/Textures/hand/mano_zhuri_Mat.uasset" 117
"D:/UnrealEngineProjects/GameJam/Content/Textures/hand/mano_zhuri_Mat.uexp" 118
"../../../Engine/Content/EngineMaterials/T_Default_Material_Grid_N.uasset" 119
"../../../Engine/Content/EngineMaterials/T_Default_Material_Grid_N.uexp" 120
"../../../Engine/Content/EngineMaterials/T_Default_Material_Grid_N.ubulk" 121
"../../../Engine/Content/EngineMaterials/T_Default_Material_Grid_M.uasset" 122
"../../../Engine/Content/EngineMaterials/T_Default_Material_Grid_M.uexp" 123
"../../../Engine/Content/EngineMaterials/T_Default_Material_Grid_M.ubulk" 124
"../../../Engine/Content/Functions/Engine_MaterialFunctions01/Opacity/CameraDepthFade.uasset" 125
"../../../Engine/Content/Functions/Engine_MaterialFunctions01/Opacity/CameraDepthFade.uexp" 126
"../../../Engine/Content/EngineMaterials/WorldGridMaterial.uasset" 127
"../../../Engine/Content/EngineMaterials/WorldGridMaterial.uexp" 128
"../../../Engine/Content/ArtTools/RenderToTexture/Meshes/S_1_Unit_Plane.uasset" 129
"../../../Engine/Content/ArtTools/RenderToTexture/Meshes/S_1_Unit_Plane.uexp" 130
"../../../Engine/Content/EngineMaterials/DefaultMaterial.uasset" 131
"../../../Engine/Content/EngineMaterials/DefaultMaterial.uexp" 132
"../../../Engine/Content/BasicShapes/Cone.uasset" 133
"../../../Engine/Content/BasicShapes/Cone.uexp" 134
"../../../Engine/Content/BasicShapes/Sphere.uasset" 135
"../../../Engine/Content/BasicShapes/Sphere.uexp" 136
"../../../Engine/Content/EditorLandscapeResources/DataLayer.uasset" 137
"../../../Engine/Content/EditorLandscapeResources/DataLayer.uexp" 138
"../../../Engine/Content/EditorLandscapeResources/DefaultAlphaTexture.uasset" 139
"../../../Engine/Content/EditorLandscapeResources/DefaultAlphaTexture.uexp" 140
"../../../Engine/Content/EditorMaterials/MAT_Groups_Toggle.uasset" 141
"../../../Engine/Content/EditorMaterials/MAT_Groups_Toggle.uexp" 142
"../../../Engine/Content/EditorMaterials/MAT_Groups_Visibility.uasset" 143
"../../../Engine/Content/EditorMaterials/MAT_Groups_Visibility.uexp" 144
"../../../Engine/Content/EditorMaterials/PreviewShadowIndicator.uasset" 145
"../../../Engine/Content/EditorMaterials/PreviewShadowIndicator.uexp" 146
"../../../Engine/Content/EditorMaterials/PreviewShadowIndicator.ubulk" 147
"../../../Engine/Content/EditorMaterials/PreviewShadowIndicatorMaterial.uasset" 148
"../../../Engine/Content/EditorMaterials/PreviewShadowIndicatorMaterial.uexp" 149
"../../../Engine/Content/EditorMaterials/MatineeGroups/MAT_ColorTrack.uasset" 150
"../../../Engine/Content/EditorMaterials/MatineeGroups/MAT_ColorTrack.uexp" 151
"../../../Engine/Content/EditorMaterials/MatineeGroups/MAT_Groups_Anim.uasset" 152
"../../../Engine/Content/EditorMaterials/MatineeGroups/MAT_Groups_Anim.uexp" 153
"../../../Engine/Content/EditorMaterials/MatineeGroups/MAT_Groups_AudioMaster.uasset" 154
"../../../Engine/Content/EditorMaterials/MatineeGroups/MAT_Groups_AudioMaster.uexp" 155
"../../../Engine/Content/EditorMaterials/MatineeGroups/MAT_Groups_Director.uasset" 156
"../../../Engine/Content/EditorMaterials/MatineeGroups/MAT_Groups_Director.uexp" 157
"../../../Engine/Content/EditorMaterials/MatineeGroups/MAT_Groups_Event.uasset" 158
"../../../Engine/Content/EditorMaterials/MatineeGroups/MAT_Groups_Event.uexp" 159
"../../../Engine/Content/EditorMaterials/MatineeGroups/MAT_Groups_Fade.uasset" 160
"../../../Engine/Content/EditorMaterials/MatineeGroups/MAT_Groups_Fade.uexp" 161
"../../../Engine/Content/EditorMaterials/MatineeGroups/MAT_Groups_Float.uasset" 162
"../../../Engine/Content/EditorMaterials/MatineeGroups/MAT_Groups_Float.uexp" 163
"../../../Engine/Content/EditorMaterials/MatineeGroups/MAT_Groups_Move.uasset" 164
"../../../Engine/Content/EditorMaterials/MatineeGroups/MAT_Groups_Move.uexp" 165
"../../../Engine/Content/EditorMaterials/MatineeGroups/MAT_Groups_Slomo.uasset" 166
"../../../Engine/Content/EditorMaterials/MatineeGroups/MAT_Groups_Slomo.uexp" 167
"../../../Engine/Content/EditorMaterials/MatineeGroups/MAT_Groups_Sound.uasset" 168
"../../../Engine/Content/EditorMaterials/MatineeGroups/MAT_Groups_Sound.uexp" 169
"../../../Engine/Content/EditorMaterials/MatineeGroups/MAT_Groups_Vector.uasset" 170
"../../../Engine/Content/EditorMaterials/MatineeGroups/MAT_Groups_Vector.uexp" 171
"../../../Engine/Content/EditorMaterials/ParticleSystems/PSysThumbnail_NoImage.uasset" 172
"../../../Engine/Content/EditorMaterials/ParticleSystems/PSysThumbnail_NoImage.uexp" 173
"../../../Engine/Content/EditorMaterials/ParticleSystems/PSysThumbnail_NoImage.ubulk" 174
"../../../Engine/Content/EditorMaterials/ParticleSystems/PSysThumbnail_OOD.uasset" 175
"../../../Engine/Content/EditorMaterials/ParticleSystems/PSysThumbnail_OOD.uexp" 176
"../../../Engine/Content/EditorMaterials/ParticleSystems/PSysThumbnail_OOD.ubulk" 177
"../../../Engine/Content/EditorMaterials/Camera/CineMat.uasset" 178
"../../../Engine/Content/EditorMaterials/Camera/CineMat.uexp" 179
"../../../Engine/Content/EditorMaterials/Camera/MI_CineMat_Rig.uasset" 180
"../../../Engine/Content/EditorMaterials/Camera/MI_CineMat_Rig.uexp" 181
"../../../Engine/Content/EditorMeshes/Camera/SM_CraneRig_Arm.uasset" 182
"../../../Engine/Content/EditorMeshes/Camera/SM_CraneRig_Arm.uexp" 183
"../../../Engine/Content/EditorMeshes/Camera/SM_CraneRig_Base.uasset" 184
"../../../Engine/Content/EditorMeshes/Camera/SM_CraneRig_Base.uexp" 185
"../../../Engine/Content/EditorMeshes/Camera/SM_CraneRig_Body.uasset" 186
"../../../Engine/Content/EditorMeshes/Camera/SM_CraneRig_Body.uexp" 187
"../../../Engine/Content/EditorMeshes/Camera/SM_CraneRig_Mount.uasset" 188
"../../../Engine/Content/EditorMeshes/Camera/SM_CraneRig_Mount.uexp" 189
"../../../Engine/Content/EditorMeshes/Camera/SM_RailRig_Mount.uasset" 190
"../../../Engine/Content/EditorMeshes/Camera/SM_RailRig_Mount.uexp" 191
"../../../Engine/Content/EditorMeshes/Camera/SM_RailRig_Track.uasset" 192
"../../../Engine/Content/EditorMeshes/Camera/SM_RailRig_Track.uexp" 193
"../../../Engine/Content/EditorResources/BSPVertex.uasset" 194
"../../../Engine/Content/EditorResources/BSPVertex.uexp" 195
"../../../Engine/Content/EditorResources/EmptyActor.uasset" 196
"../../../Engine/Content/EditorResources/EmptyActor.uexp" 197
"../../../Engine/Content/EditorResources/S_Actor.uasset" 198
"../../../Engine/Content/EditorResources/S_Actor.uexp" 199
"../../../Engine/Content/EditorResources/S_Actor.ubulk" 200
"../../../Engine/Content/EditorResources/S_Note.uasset" 201
"../../../Engine/Content/EditorResources/S_Note.uexp" 202
"../../../Engine/Content/EditorResources/S_Note.ubulk" 203
"../../../Engine/Content/EditorResources/S_Solver.uasset" 204
"../../../Engine/Content/EditorResources/S_Solver.uexp" 205
"../../../Engine/Content/EditorResources/S_Solver.ubulk" 206
"../../../Engine/Content/EditorResources/S_Terrain.uasset" 207
"../../../Engine/Content/EditorResources/S_Terrain.uexp" 208
"../../../Engine/Content/EditorResources/S_Terrain.ubulk" 209
"../../../Engine/Content/EditorResources/S_Trigger.uasset" 210
"../../../Engine/Content/EditorResources/S_Trigger.uexp" 211
"../../../Engine/Content/EditorResources/S_Trigger.ubulk" 212
"../../../Engine/Content/EditorResources/LightIcons/S_LightError.uasset" 213
"../../../Engine/Content/EditorResources/LightIcons/S_LightError.uexp" 214
"../../../Engine/Content/EditorResources/SequenceRecorder/Countdown.uasset" 215
"../../../Engine/Content/EditorResources/SequenceRecorder/Countdown.uexp" 216
"../../../Engine/Content/EditorResources/SequenceRecorder/RecordingIndicator.uasset" 217
"../../../Engine/Content/EditorResources/SequenceRecorder/RecordingIndicator.uexp" 218
"../../../Engine/Content/EngineDamageTypes/DmgTypeBP_Environmental.uasset" 219
"../../../Engine/Content/EngineDamageTypes/DmgTypeBP_Environmental.uexp" 220
"../../../Engine/Content/EngineDebugMaterials/DebugEditorMaterial.uasset" 221
"../../../Engine/Content/EngineDebugMaterials/DebugEditorMaterial.uexp" 222
"../../../Engine/Content/EngineDebugMaterials/DebugMeshMaterial.uasset" 223
"../../../Engine/Content/EngineDebugMaterials/DebugMeshMaterial.uexp" 224
"../../../Engine/Content/EngineDebugMaterials/M_SimpleUnlitTranslucent.uasset" 225
"../../../Engine/Content/EngineDebugMaterials/M_SimpleUnlitTranslucent.uexp" 226
"../../../Engine/Content/EngineDebugMaterials/VolumeToRender.uasset" 227
"../../../Engine/Content/EngineDebugMaterials/VolumeToRender.uexp" 228
"../../../Engine/Content/Functions/Engine_MaterialFunctions02/Utility/CameraDirectionVector.uasset" 229
"../../../Engine/Content/Functions/Engine_MaterialFunctions02/Utility/CameraDirectionVector.uexp" 230
"../../../Engine/Content/EngineDebugMaterials/M_VolumeRenderSphereTracePP.uasset" 231
"../../../Engine/Content/EngineDebugMaterials/M_VolumeRenderSphereTracePP.uexp" 232
"../../../Engine/Content/Functions/Engine_MaterialFunctions01/Shading/ConvertFromDiffSpec.uasset" 233
"../../../Engine/Content/Functions/Engine_MaterialFunctions01/Shading/ConvertFromDiffSpec.uexp" 234
"../../../Engine/Content/EngineDebugMaterials/VertexColorMaterial.uasset" 235
"../../../Engine/Content/EngineDebugMaterials/VertexColorMaterial.uexp" 236
"../../../Engine/Content/EngineDebugMaterials/WireframeMaterial.uasset" 237
"../../../Engine/Content/EngineDebugMaterials/WireframeMaterial.uexp" 238
"../../../Engine/Content/EngineFonts/Faces/RobotoRegular.uasset" 239
"../../../Engine/Content/EngineFonts/Faces/RobotoRegular.uexp" 240
"../../../Engine/Content/EngineFonts/Faces/RobotoRegular.ufont" 241
"../../../Engine/Content/EngineFonts/Faces/RobotoLight.uasset" 242
"../../../Engine/Content/EngineFonts/Faces/RobotoLight.uexp" 243
"../../../Engine/Content/EngineFonts/Faces/RobotoLight.ufont" 244
"../../../Engine/Content/EngineFonts/Faces/RobotoItalic.uasset" 245
"../../../Engine/Content/EngineFonts/Faces/RobotoItalic.uexp" 246
"../../../Engine/Content/EngineFonts/Faces/RobotoItalic.ufont" 247
"../../../Engine/Content/EngineFonts/Faces/RobotoBoldItalic.uasset" 248
"../../../Engine/Content/EngineFonts/Faces/RobotoBoldItalic.uexp" 249
"../../../Engine/Content/EngineFonts/Faces/RobotoBoldItalic.ufont" 250
"../../../Engine/Content/EngineFonts/Faces/RobotoBold.uasset" 251
"../../../Engine/Content/EngineFonts/Faces/RobotoBold.uexp" 252
"../../../Engine/Content/EngineFonts/Faces/RobotoBold.ufont" 253
"../../../Engine/Content/EngineFonts/Faces/DroidSansFallback.uasset" 254
"../../../Engine/Content/EngineFonts/Faces/DroidSansFallback.uexp" 255
"../../../Engine/Content/EngineFonts/Faces/DroidSansFallback.ufont" 256
"../../../Engine/Content/EngineFonts/Roboto.uasset" 257
"../../../Engine/Content/EngineFonts/Roboto.uexp" 258
"../../../Engine/Content/EngineMaterials/BaseFlattenNormalMap.uasset" 259
"../../../Engine/Content/EngineMaterials/BaseFlattenNormalMap.uexp" 260
"../../../Engine/Content/EngineMaterials/BaseFlattenGrayscaleMap.uasset" 261
"../../../Engine/Content/EngineMaterials/BaseFlattenGrayscaleMap.uexp" 262
"../../../Engine/Content/EngineMaterials/BaseFlattenEmissiveMap.uasset" 263
"../../../Engine/Content/EngineMaterials/BaseFlattenEmissiveMap.uexp" 264
"../../../Engine/Content/EngineMaterials/BaseFlattenDiffuseMap.uasset" 265
"../../../Engine/Content/EngineMaterials/BaseFlattenDiffuseMap.uexp" 266
"../../../Engine/Content/EngineMaterials/BaseFlattenMaterial.uasset" 267
"../../../Engine/Content/EngineMaterials/BaseFlattenMaterial.uexp" 268
"../../../Engine/Content/EngineMaterials/BlueNoise.uasset" 269
"../../../Engine/Content/EngineMaterials/BlueNoise.uexp" 270
"../../../Engine/Content/EngineMaterials/DefaultBloomKernel.uasset" 271
"../../../Engine/Content/EngineMaterials/DefaultBloomKernel.uexp" 272
"../../../Engine/Content/EngineMaterials/DefaultBokeh.uasset" 273
"../../../Engine/Content/EngineMaterials/DefaultBokeh.uexp" 274
"../../../Engine/Content/EngineMaterials/DefaultDiffuse.uasset" 275
"../../../Engine/Content/EngineMaterials/DefaultDiffuse.uexp" 276
"../../../Engine/Content/EngineMaterials/DefaultDiffuse.ubulk" 277
"../../../Engine/Content/EngineMaterials/DefaultDeferredDecalMaterial.uasset" 278
"../../../Engine/Content/EngineMaterials/DefaultDeferredDecalMaterial.uexp" 279
"../../../Engine/Content/EngineMaterials/DefaultLightFunctionMaterial.uasset" 280
"../../../Engine/Content/EngineMaterials/DefaultLightFunctionMaterial.uexp" 281
"../../../Engine/Content/EngineMaterials/DefaultPhysicalMaterial.uasset" 282
"../../../Engine/Content/EngineMaterials/DefaultPhysicalMaterial.uexp" 283
"../../../Engine/Content/Functions/Engine_MaterialFunctions02/Utility/BreakOutFloat2Components.uasset" 284
"../../../Engine/Content/Functions/Engine_MaterialFunctions02/Utility/BreakOutFloat2Components.uexp" 285
"../../../Engine/Content/EngineMaterials/DefaultPostProcessMaterial.uasset" 286
"../../../Engine/Content/EngineMaterials/DefaultPostProcessMaterial.uexp" 287
"../../../Engine/Content/EngineFonts/RobotoDistanceField.uasset" 288
"../../../Engine/Content/EngineFonts/RobotoDistanceField.uexp" 289
"../../../Engine/Content/EngineMaterials/DefaultTextMaterialOpaque.uasset" 290
"../../../Engine/Content/EngineMaterials/DefaultTextMaterialOpaque.uexp" 291
"../../../Engine/Content/EngineMaterials/DefaultWhiteGrid.uasset" 292
"../../../Engine/Content/EngineMaterials/DefaultWhiteGrid.uexp" 293
"../../../Engine/Content/EngineMaterials/DefaultWhiteGrid.ubulk" 294
"../../../Engine/Content/EngineMaterials/DefaultWhiteGrid_Low.uasset" 295
"../../../Engine/Content/EngineMaterials/DefaultWhiteGrid_Low.uexp" 296
"../../../Engine/Content/EngineMaterials/EmissiveMeshMaterial.uasset" 297
"../../../Engine/Content/EngineMaterials/EmissiveMeshMaterial.uexp" 298
"../../../Engine/Content/EngineMaterials/GizmoMaterial.uasset" 299
"../../../Engine/Content/EngineMaterials/GizmoMaterial.uexp" 300
"../../../Engine/Content/EngineMaterials/Good64x64TilingNoiseHighFreq.uasset" 301
"../../../Engine/Content/EngineMaterials/Good64x64TilingNoiseHighFreq.uexp" 302
"../../../Engine/Content/EngineMaterials/MiniFont.uasset" 303
"../../../Engine/Content/EngineMaterials/MiniFont.uexp" 304
"../../../Engine/Content/EngineMaterials/InvalidLightmapSettings.uasset" 305
"../../../Engine/Content/EngineMaterials/InvalidLightmapSettings.uexp" 306
"../../../Engine/Content/EngineMaterials/InvalidLightmapSettings.ubulk" 307
"../../../Engine/Content/EngineMaterials/M_InvalidLightmapSettings.uasset" 308
"../../../Engine/Content/EngineMaterials/M_InvalidLightmapSettings.uexp" 309
"../../../Engine/Content/Functions/Engine_MaterialFunctions02/WorldPositionOffset/CameraOffset.uasset" 310
"../../../Engine/Content/Functions/Engine_MaterialFunctions02/WorldPositionOffset/CameraOffset.uexp" 311
"../../../Engine/Content/EngineMaterials/PhAT_JointLimitMaterial.uasset" 312
"../../../Engine/Content/EngineMaterials/PhAT_JointLimitMaterial.uexp" 313
"../../../Engine/Content/EngineMaterials/DefaultCalibrationColor.uasset" 314
"../../../Engine/Content/EngineMaterials/DefaultCalibrationColor.uexp" 315
"../../../Engine/Content/EngineMaterials/PPM_DefaultCalibrationColor.uasset" 316
"../../../Engine/Content/EngineMaterials/PPM_DefaultCalibrationColor.uexp" 317
"../../../Engine/Content/EngineMaterials/DefaultCalibrationGrayscale.uasset" 318
"../../../Engine/Content/EngineMaterials/DefaultCalibrationGrayscale.uexp" 319
"../../../Engine/Content/EngineMaterials/PPM_DefaultCalibrationGrayscale.uasset" 320
"../../../Engine/Content/EngineMaterials/PPM_DefaultCalibrationGrayscale.uexp" 321
"../../../Engine/Content/EngineMaterials/PreintegratedSkinBRDF.uasset" 322
"../../../Engine/Content/EngineMaterials/PreintegratedSkinBRDF.uexp" 323
"../../../Engine/Content/EngineMaterials/RemoveSurfaceMaterial.uasset" 324
"../../../Engine/Content/EngineMaterials/RemoveSurfaceMaterial.uexp" 325
"../../../Engine/Content/EngineMaterials/WeightMapPlaceholderTexture.uasset" 326
"../../../Engine/Content/EngineMaterials/WeightMapPlaceholderTexture.uexp" 327
"../../../Engine/Content/EngineResources/WhiteSquareTexture.uasset" 328
"../../../Engine/Content/EngineResources/WhiteSquareTexture.uexp" 329
"../../../Engine/Content/EngineMaterials/Widget3DPassThrough.uasset" 330
"../../../Engine/Content/EngineMaterials/Widget3DPassThrough.uexp" 331
"../../../Engine/Content/EngineMaterials/Widget3DPassThrough_Masked.uasset" 332
"../../../Engine/Content/EngineMaterials/Widget3DPassThrough_Masked.uexp" 333
"../../../Engine/Content/EngineMaterials/Widget3DPassThrough_Opaque.uasset" 334
"../../../Engine/Content/EngineMaterials/Widget3DPassThrough_Opaque.uexp" 335
"../../../Engine/Content/EngineMaterials/Widget3DPassThrough_Masked_OneSided.uasset" 336
"../../../Engine/Content/EngineMaterials/Widget3DPassThrough_Masked_OneSided.uexp" 337
"../../../Engine/Content/EngineMaterials/Widget3DPassThrough_Opaque_OneSided.uasset" 338
"../../../Engine/Content/EngineMaterials/Widget3DPassThrough_Opaque_OneSided.uexp" 339
"../../../Engine/Content/EngineMaterials/Widget3DPassThrough_Translucent.uasset" 340
"../../../Engine/Content/EngineMaterials/Widget3DPassThrough_Translucent.uexp" 341
"../../../Engine/Content/EngineMaterials/Widget3DPassThrough_Translucent_OneSided.uasset" 342
"../../../Engine/Content/EngineMaterials/Widget3DPassThrough_Translucent_OneSided.uexp" 343
"../../../Engine/Content/EngineMeshes/Cylinder.uasset" 344
"../../../Engine/Content/EngineMeshes/Cylinder.uexp" 345
"../../../Engine/Content/EngineMeshes/Sphere.uasset" 346
"../../../Engine/Content/EngineMeshes/Sphere.uexp" 347
"../../../Engine/Content/EngineResources/DefaultTexture.uasset" 348
"../../../Engine/Content/EngineResources/DefaultTexture.uexp" 349
"../../../Engine/Content/EngineResources/DefaultTexture.ubulk" 350
"../../../Engine/Content/EngineResources/DefaultTextureCube.uasset" 351
"../../../Engine/Content/EngineResources/DefaultTextureCube.uexp" 352
"../../../Engine/Content/EngineResources/DefaultVolumeTexture2D.uasset" 353
"../../../Engine/Content/EngineResources/DefaultVolumeTexture2D.uexp" 354
"../../../Engine/Content/EngineResources/DefaultVolumeTexture.uasset" 355
"../../../Engine/Content/EngineResources/DefaultVolumeTexture.uexp" 356
"../../../Engine/Content/EngineResources/GradientTexture0.uasset" 357
"../../../Engine/Content/EngineResources/GradientTexture0.uexp" 358
"../../../Engine/Content/EngineSky/VolumetricClouds/T_NoiseShape64.uasset" 359
"../../../Engine/Content/EngineSky/VolumetricClouds/T_NoiseShape64.uexp" 360
"../../../Engine/Content/EngineSky/VolumetricClouds/T_NoiseShape64.ubulk" 361
"../../../Engine/Content/EngineSky/VolumetricClouds/T_VolumeNoiseShape64.uasset" 362
"../../../Engine/Content/EngineSky/VolumetricClouds/T_VolumeNoiseShape64.uexp" 363
"../../../Engine/Content/EngineSky/VolumetricClouds/T_NoiseErosion.uasset" 364
"../../../Engine/Content/EngineSky/VolumetricClouds/T_NoiseErosion.uexp" 365
"../../../Engine/Content/EngineSky/VolumetricClouds/T_NoiseErosion.ubulk" 366
"../../../Engine/Content/EngineSky/VolumetricClouds/T_VolumeNoiseErosion32.uasset" 367
"../../../Engine/Content/EngineSky/VolumetricClouds/T_VolumeNoiseErosion32.uexp" 368
"../../../Engine/Content/EngineSky/VolumetricClouds/CloudWeatherTexture.uasset" 369
"../../../Engine/Content/EngineSky/VolumetricClouds/CloudWeatherTexture.uexp" 370
"../../../Engine/Content/EngineSky/VolumetricClouds/CloudGradientTexture.uasset" 371
"../../../Engine/Content/EngineSky/VolumetricClouds/CloudGradientTexture.uexp" 372
"../../../Engine/Content/Functions/Engine_MaterialFunctions02/Utility/MakeFloat2.uasset" 373
"../../../Engine/Content/Functions/Engine_MaterialFunctions02/Utility/MakeFloat2.uexp" 374
"../../../Engine/Content/EngineSky/VolumetricClouds/m_SimpleVolumetricCloud.uasset" 375
"../../../Engine/Content/EngineSky/VolumetricClouds/m_SimpleVolumetricCloud.uexp" 376
"../../../Engine/Content/EngineSky/VolumetricClouds/m_SimpleVolumetricCloud_Inst.uasset" 377
"../../../Engine/Content/EngineSky/VolumetricClouds/m_SimpleVolumetricCloud_Inst.uexp" 378
"../../../Engine/Content/Functions/Engine_MaterialFunctions01/Shading/PowerToRoughness.uasset" 379
"../../../Engine/Content/Functions/Engine_MaterialFunctions01/Shading/PowerToRoughness.uexp" 380
"../../../Engine/Content/Maps/Templates/Thumbnails/Default.uasset" 381
"../../../Engine/Content/Maps/Templates/Thumbnails/Default.uexp" 382
"../../../Engine/Content/Maps/Templates/Thumbnails/TimeOfDay.uasset" 383
"../../../Engine/Content/Maps/Templates/Thumbnails/TimeOfDay.uexp" 384
"../../../Engine/Content/Maps/Templates/Thumbnails/VR-Basic.uasset" 385
"../../../Engine/Content/Maps/Templates/Thumbnails/VR-Basic.uexp" 386
"../../../Engine/Content/MobileResources/T_MobileControls_texture.uasset" 387
"../../../Engine/Content/MobileResources/T_MobileControls_texture.uexp" 388
"../../../Engine/Content/MobileResources/T_MobileMenu2.uasset" 389
"../../../Engine/Content/MobileResources/T_MobileMenu2.uexp" 390
"../../../Engine/Content/MobileResources/HUD/AnalogHat.uasset" 391
"../../../Engine/Content/MobileResources/HUD/AnalogHat.uexp" 392
"../../../Engine/Content/MobileResources/HUD/VirtualJoystick_Thumb.uasset" 393
"../../../Engine/Content/MobileResources/HUD/VirtualJoystick_Thumb.uexp" 394
"../../../Engine/Content/MobileResources/HUD/VirtualJoystick_Background.uasset" 395
"../../../Engine/Content/MobileResources/HUD/VirtualJoystick_Background.uexp" 396
"../../../Engine/Content/MobileResources/HUD/DefaultVirtualJoysticks.uasset" 397
"../../../Engine/Content/MobileResources/HUD/DefaultVirtualJoysticks.uexp" 398
"../../../Engine/Content/MobileResources/HUD/LeftVirtualJoystickOnly.uasset" 399
"../../../Engine/Content/MobileResources/HUD/LeftVirtualJoystickOnly.uexp" 400
"../../../Engine/Content/MobileResources/HUD/MobileHUDButton1_off.uasset" 401
"../../../Engine/Content/MobileResources/HUD/MobileHUDButton1_off.uexp" 402
"../../../Engine/Content/MobileResources/HUD/MobileHUDButton1_on.uasset" 403
"../../../Engine/Content/MobileResources/HUD/MobileHUDButton1_on.uexp" 404
"../../../Engine/Content/MobileResources/HUD/MobileHUDButton2_off.uasset" 405
"../../../Engine/Content/MobileResources/HUD/MobileHUDButton2_off.uexp" 406
"../../../Engine/Content/MobileResources/HUD/MobileHUDButton2_on.uasset" 407
"../../../Engine/Content/MobileResources/HUD/MobileHUDButton2_on.uexp" 408
"../../../Engine/Content/MobileResources/HUD/MobileHUDButton3.uasset" 409
"../../../Engine/Content/MobileResources/HUD/MobileHUDButton3.uexp" 410
"../../../Engine/Content/MobileResources/HUD/MobileHUDButtonFire.uasset" 411
"../../../Engine/Content/MobileResources/HUD/MobileHUDButtonFire.uexp" 412
"../../../Engine/Content/MobileResources/HUD/MobileHUDDirectionPad.uasset" 413
"../../../Engine/Content/MobileResources/HUD/MobileHUDDirectionPad.uexp" 414
"../../../Engine/Content/MobileResources/HUD/MobileHUDDirectionPad2.uasset" 415
"../../../Engine/Content/MobileResources/HUD/MobileHUDDirectionPad2.uexp" 416
"../../../Engine/Content/MobileResources/HUD/MobileHUDDirectionPad3.uasset" 417
"../../../Engine/Content/MobileResources/HUD/MobileHUDDirectionPad3.uexp" 418
"../../../Engine/Content/MobileResources/HUD/MobileHUDDirectionStick.uasset" 419
"../../../Engine/Content/MobileResources/HUD/MobileHUDDirectionStick.uexp" 420
"../../../Engine/Content/MobileResources/HUD/T_Castle_ThumbstickInner.uasset" 421
"../../../Engine/Content/MobileResources/HUD/T_Castle_ThumbstickInner.uexp" 422
"../../../Engine/Content/MobileResources/HUD/T_Castle_ThumbstickOutter.uasset" 423
"../../../Engine/Content/MobileResources/HUD/T_Castle_ThumbstickOutter.uexp" 424
"../../../Engine/Content/Tutorial/ContentIntroCurve.uasset" 425
"../../../Engine/Content/Tutorial/ContentIntroCurve.uexp" 426
"../../../Engine/Content/VREditor/TransformGizmo/TranslucentTransformGizmoMaterial.uasset" 427
"../../../Engine/Content/VREditor/TransformGizmo/TranslucentTransformGizmoMaterial.uexp" 428
"../../../Engine/Content/VREditor/LaserPointer/VR_LaserPower_01.uasset" 429
"../../../Engine/Content/VREditor/LaserPointer/VR_LaserPower_01.uexp" 430
"../../../Engine/Content/VREditor/LaserPointer/VR_LaserPower_01.ubulk" 431
"../../../Engine/Content/VREditor/TransformGizmo/TransformGizmoMaterial.uasset" 432
"../../../Engine/Content/VREditor/TransformGizmo/TransformGizmoMaterial.uexp" 433
"../../../Engine/Content/VREditor/TransformGizmo/BoundingBoxCorner.uasset" 434
"../../../Engine/Content/VREditor/TransformGizmo/BoundingBoxCorner.uexp" 435
"../../../Engine/Content/VREditor/TransformGizmo/BoundingBoxEdge.uasset" 436
"../../../Engine/Content/VREditor/TransformGizmo/BoundingBoxEdge.uexp" 437
"../../../Engine/Content/VREditor/TransformGizmo/PlaneTranslationHandle.uasset" 438
"../../../Engine/Content/VREditor/TransformGizmo/PlaneTranslationHandle.uexp" 439
"../../../Engine/Content/VREditor/TransformGizmo/Xray.uasset" 440
"../../../Engine/Content/VREditor/TransformGizmo/Xray.uexp" 441
"../../../Engine/Content/VREditor/TransformGizmo/Main.uasset" 442
"../../../Engine/Content/VREditor/TransformGizmo/Main.uexp" 443
"../../../Engine/Content/VREditor/TransformGizmo/SM_Sequencer_Key.uasset" 444
"../../../Engine/Content/VREditor/TransformGizmo/SM_Sequencer_Key.uexp" 445
"../../../Engine/Content/VREditor/TransformGizmo/SM_Sequencer_Node.uasset" 446
"../../../Engine/Content/VREditor/TransformGizmo/SM_Sequencer_Node.uexp" 447
"../../../Engine/Plugins/2D/Paper2D/Content/PlaceholderTextures/DummySpriteTexture.uasset" 448
"../../../Engine/Plugins/2D/Paper2D/Content/PlaceholderTextures/DummySpriteTexture.uexp" 449
"../../../Engine/Plugins/2D/Paper2D/Content/PlaceholderTextures/DummySpriteTexture.ubulk" 450
"../../../Engine/Plugins/2D/Paper2D/Content/DummySprite.uasset" 451
"../../../Engine/Plugins/2D/Paper2D/Content/DummySprite.uexp" 452
"../../../Engine/Plugins/2D/Paper2D/Content/DefaultPaperTerrainMaterial.uasset" 453
"../../../Engine/Plugins/2D/Paper2D/Content/DefaultPaperTerrainMaterial.uexp" 454
"../../../Engine/Plugins/2D/Paper2D/Content/DefaultSpriteMaterial.uasset" 455
"../../../Engine/Plugins/2D/Paper2D/Content/DefaultSpriteMaterial.uexp" 456
"../../../Engine/Plugins/2D/Paper2D/Content/MaskedUnlitSpriteMaterial.uasset" 457
"../../../Engine/Plugins/2D/Paper2D/Content/MaskedUnlitSpriteMaterial.uexp" 458
"../../../Engine/Content/Functions/Engine_MaterialFunctions02/Utility/BreakOutFloat3Components.uasset" 459
"../../../Engine/Content/Functions/Engine_MaterialFunctions02/Utility/BreakOutFloat3Components.uexp" 460
"../../../Engine/Plugins/Editor/SpeedTreeImporter/Content/SpeedTree9/UnpackInteger3.uasset" 461
"../../../Engine/Plugins/Editor/SpeedTreeImporter/Content/SpeedTree9/UnpackInteger3.uexp" 462
"../../../Engine/Plugins/Editor/SpeedTreeImporter/Content/SpeedTree9/UnpackDirection.uasset" 463
"../../../Engine/Plugins/Editor/SpeedTreeImporter/Content/SpeedTree9/UnpackDirection.uexp" 464
"../../../Engine/Plugins/Editor/SpeedTreeImporter/Content/SpeedTree9/game_wind_noise.uasset" 465
"../../../Engine/Plugins/Editor/SpeedTreeImporter/Content/SpeedTree9/game_wind_noise.uexp" 466
"../../../Engine/Plugins/Editor/SpeedTreeImporter/Content/SpeedTree9/game_wind_noise.ubulk" 467
"../../../Engine/Content/Functions/Engine_MaterialFunctions02/SafeNormalize.uasset" 468
"../../../Engine/Content/Functions/Engine_MaterialFunctions02/SafeNormalize.uexp" 469
"../../../Engine/Plugins/Editor/SpeedTreeImporter/Content/SpeedTree9/SpeedTreeWindMotion.uasset" 470
"../../../Engine/Plugins/Editor/SpeedTreeImporter/Content/SpeedTree9/SpeedTreeWindMotion.uexp" 471
"../../../Engine/Plugins/Editor/SpeedTreeImporter/Content/SpeedTree9/SpeedTreeBranchMotion.uasset" 472
"../../../Engine/Plugins/Editor/SpeedTreeImporter/Content/SpeedTree9/SpeedTreeBranchMotion.uexp" 473
"../../../Engine/Content/Functions/Engine_MaterialFunctions02/ObjectLocalBounds.uasset" 474
"../../../Engine/Content/Functions/Engine_MaterialFunctions02/ObjectLocalBounds.uexp" 475
"../../../Engine/Content/Functions/Engine_MaterialFunctions02/UVs/BoundingBoxBased_0-1_UVW.uasset" 476
"../../../Engine/Content/Functions/Engine_MaterialFunctions02/UVs/BoundingBoxBased_0-1_UVW.uexp" 477
"../../../Engine/Content/Functions/Engine_MaterialFunctions02/Utility/VectorLength.uasset" 478
"../../../Engine/Content/Functions/Engine_MaterialFunctions02/Utility/VectorLength.uexp" 479
"../../../Engine/Content/Functions/Engine_MaterialFunctions02/WorldPositionOffset/ObjectScale.uasset" 480
"../../../Engine/Content/Functions/Engine_MaterialFunctions02/WorldPositionOffset/ObjectScale.uexp" 481
"../../../Engine/Plugins/Editor/SpeedTreeImporter/Content/SpeedTree9/SpeedTreeWind.uasset" 482
"../../../Engine/Plugins/Editor/SpeedTreeImporter/Content/SpeedTree9/SpeedTreeWind.uexp" 483
"../../../Engine/Plugins/Editor/SpeedTreeImporter/Content/SpeedTree9/SpeedTreeBillboard.uasset" 484
"../../../Engine/Plugins/Editor/SpeedTreeImporter/Content/SpeedTree9/SpeedTreeBillboard.uexp" 485
"../../../Engine/Plugins/Editor/SpeedTreeImporter/Content/SpeedTree9/EmptyNormal.uasset" 486
"../../../Engine/Plugins/Editor/SpeedTreeImporter/Content/SpeedTree9/EmptyNormal.uexp" 487
"../../../Engine/Plugins/Editor/SpeedTreeImporter/Content/SpeedTree9/Empty.uasset" 488
"../../../Engine/Plugins/Editor/SpeedTreeImporter/Content/SpeedTree9/Empty.uexp" 489
"../../../Engine/Plugins/Editor/SpeedTreeImporter/Content/SpeedTree9/SpeedTreeBillboardMaster.uasset" 490
"../../../Engine/Plugins/Editor/SpeedTreeImporter/Content/SpeedTree9/SpeedTreeBillboardMaster.uexp" 491
"../../../Engine/Plugins/Editor/SpeedTreeImporter/Content/SpeedTree9/SpeedTreeCameraFacing.uasset" 492
"../../../Engine/Plugins/Editor/SpeedTreeImporter/Content/SpeedTree9/SpeedTreeCameraFacing.uexp" 493
"../../../Engine/Plugins/Editor/SpeedTreeImporter/Content/SpeedTree9/SpeedTreeMaster.uasset" 494
"../../../Engine/Plugins/Editor/SpeedTreeImporter/Content/SpeedTree9/SpeedTreeMaster.uexp" 495
"../../../Engine/Content/BasicShapes/Cylinder.uasset" 496
"../../../Engine/Content/BasicShapes/Cylinder.uexp" 497
"../../../Engine/Content/ArtTools/RenderToTexture/Materials/Debug/M_Emissive_Color.uasset" 498
"../../../Engine/Content/ArtTools/RenderToTexture/Materials/Debug/M_Emissive_Color.uexp" 499
"../../../Engine/Plugins/Lumin/MagicLeapPassableWorld/Content/MagicLeapARPinInfoActor.uasset" 500
"../../../Engine/Plugins/Lumin/MagicLeapPassableWorld/Content/MagicLeapARPinInfoActor.uexp" 501
"../../../Engine/Plugins/Runtime/OpenXR/Content/Devices/GoogleDaydream/MRTexture.uasset" 502
"../../../Engine/Plugins/Runtime/OpenXR/Content/Devices/GoogleDaydream/MRTexture.uexp" 503
"../../../Engine/Plugins/Runtime/OpenXR/Content/Devices/GoogleDaydream/MRTexture.ubulk" 504
"../../../Engine/Plugins/Runtime/OpenXR/Content/Devices/GoogleDaydream/BaseTexture.uasset" 505
"../../../Engine/Plugins/Runtime/OpenXR/Content/Devices/GoogleDaydream/BaseTexture.uexp" 506
"../../../Engine/Plugins/Runtime/OpenXR/Content/Devices/GoogleDaydream/BaseTexture.ubulk" 507
"../../../Engine/Content/EngineResources/Black.uasset" 508
"../../../Engine/Content/EngineResources/Black.uexp" 509
"../../../Engine/Plugins/Runtime/OpenXR/Content/Devices/M_XRController.uasset" 510
"../../../Engine/Plugins/Runtime/OpenXR/Content/Devices/M_XRController.uexp" 511
"../../../Engine/Plugins/Runtime/OpenXR/Content/Devices/GoogleDaydream/MI_GoogleDaydream.uasset" 512
"../../../Engine/Plugins/Runtime/OpenXR/Content/Devices/GoogleDaydream/MI_GoogleDaydream.uexp" 513
"../../../Engine/Plugins/Runtime/OpenXR/Content/Devices/GoogleDaydream/GoogleDaydreamController.uasset" 514
"../../../Engine/Plugins/Runtime/OpenXR/Content/Devices/GoogleDaydream/GoogleDaydreamController.uexp" 515
"../../../Engine/Plugins/Runtime/OpenXR/Content/Devices/HTCVive/BaseTexture.uasset" 516
"../../../Engine/Plugins/Runtime/OpenXR/Content/Devices/HTCVive/BaseTexture.uexp" 517
"../../../Engine/Plugins/Runtime/OpenXR/Content/Devices/HTCVive/BaseTexture.ubulk" 518
"../../../Engine/Plugins/Runtime/OpenXR/Content/Devices/HTCVive/MI_HTCVive.uasset" 519
"../../../Engine/Plugins/Runtime/OpenXR/Content/Devices/HTCVive/MI_HTCVive.uexp" 520
"../../../Engine/Plugins/Runtime/OpenXR/Content/Devices/HTCVive/HTCViveController.uasset" 521
"../../../Engine/Plugins/Runtime/OpenXR/Content/Devices/HTCVive/HTCViveController.uexp" 522
"../../../Engine/Plugins/Runtime/OpenXR/Content/Devices/MicrosoftMixedReality/NormalTexture.uasset" 523
"../../../Engine/Plugins/Runtime/OpenXR/Content/Devices/MicrosoftMixedReality/NormalTexture.uexp" 524
"../../../Engine/Plugins/Runtime/OpenXR/Content/Devices/MicrosoftMixedReality/NormalTexture.ubulk" 525
"../../../Engine/Plugins/Runtime/OpenXR/Content/Devices/MicrosoftMixedReality/MRTexture.uasset" 526
"../../../Engine/Plugins/Runtime/OpenXR/Content/Devices/MicrosoftMixedReality/MRTexture.uexp" 527
"../../../Engine/Plugins/Runtime/OpenXR/Content/Devices/MicrosoftMixedReality/MRTexture.ubulk" 528
"../../../Engine/Plugins/Runtime/OpenXR/Content/Devices/MicrosoftMixedReality/EmissiveTexture.uasset" 529
"../../../Engine/Plugins/Runtime/OpenXR/Content/Devices/MicrosoftMixedReality/EmissiveTexture.uexp" 530
"../../../Engine/Plugins/Runtime/OpenXR/Content/Devices/MicrosoftMixedReality/EmissiveTexture.ubulk" 531
"../../../Engine/Plugins/Runtime/OpenXR/Content/Devices/MicrosoftMixedReality/BaseTexture.uasset" 532
"../../../Engine/Plugins/Runtime/OpenXR/Content/Devices/MicrosoftMixedReality/BaseTexture.uexp" 533
"../../../Engine/Plugins/Runtime/OpenXR/Content/Devices/MicrosoftMixedReality/BaseTexture.ubulk" 534
"../../../Engine/Plugins/Runtime/OpenXR/Content/Devices/MicrosoftMixedReality/MI_MicrosoftMixedReality.uasset" 535
"../../../Engine/Plugins/Runtime/OpenXR/Content/Devices/MicrosoftMixedReality/MI_MicrosoftMixedReality.uexp" 536
"../../../Engine/Plugins/Runtime/OpenXR/Content/Devices/MicrosoftMixedReality/Left/left_MicrosoftMixedRealityController.uasset" 537
"../../../Engine/Plugins/Runtime/OpenXR/Content/Devices/MicrosoftMixedReality/Left/left_MicrosoftMixedRealityController.uexp" 538
"../../../Engine/Plugins/Runtime/OpenXR/Content/Devices/MicrosoftMixedReality/Right/right_MicrosoftMixedRealityController.uasset" 539
"../../../Engine/Plugins/Runtime/OpenXR/Content/Devices/MicrosoftMixedReality/Right/right_MicrosoftMixedRealityController.uexp" 540
"../../../Engine/Plugins/Runtime/OpenXR/Content/Devices/OculusGo/BaseTexture.uasset" 541
"../../../Engine/Plugins/Runtime/OpenXR/Content/Devices/OculusGo/BaseTexture.uexp" 542
"../../../Engine/Plugins/Runtime/OpenXR/Content/Devices/OculusGo/BaseTexture.ubulk" 543
"../../../Engine/Plugins/Runtime/OpenXR/Content/Devices/OculusGo/MI_OculusGo.uasset" 544
"../../../Engine/Plugins/Runtime/OpenXR/Content/Devices/OculusGo/MI_OculusGo.uexp" 545
"../../../Engine/Plugins/Runtime/OpenXR/Content/Devices/OculusGo/OculusGoController.uasset" 546
"../../../Engine/Plugins/Runtime/OpenXR/Content/Devices/OculusGo/OculusGoController.uexp" 547
"../../../Engine/Plugins/Runtime/OpenXR/Content/Devices/OculusTouch/MRTexture.uasset" 548
"../../../Engine/Plugins/Runtime/OpenXR/Content/Devices/OculusTouch/MRTexture.uexp" 549
"../../../Engine/Plugins/Runtime/OpenXR/Content/Devices/OculusTouch/MRTexture.ubulk" 550
"../../../Engine/Plugins/Runtime/OpenXR/Content/Devices/OculusTouch/BaseTexture.uasset" 551
"../../../Engine/Plugins/Runtime/OpenXR/Content/Devices/OculusTouch/BaseTexture.uexp" 552
"../../../Engine/Plugins/Runtime/OpenXR/Content/Devices/OculusTouch/BaseTexture.ubulk" 553
"../../../Engine/Plugins/Runtime/OpenXR/Content/Devices/OculusTouch/MI_OculusTouch.uasset" 554
"../../../Engine/Plugins/Runtime/OpenXR/Content/Devices/OculusTouch/MI_OculusTouch.uexp" 555
"../../../Engine/Plugins/Runtime/OpenXR/Content/Devices/OculusTouch/Left/left_OculusTouchController.uasset" 556
"../../../Engine/Plugins/Runtime/OpenXR/Content/Devices/OculusTouch/Left/left_OculusTouchController.uexp" 557
"../../../Engine/Plugins/Runtime/OpenXR/Content/Devices/OculusTouch/Right/right_OculusTouchController.uasset" 558
"../../../Engine/Plugins/Runtime/OpenXR/Content/Devices/OculusTouch/Right/right_OculusTouchController.uexp" 559
"../../../Engine/Plugins/Runtime/OpenXR/Content/Devices/OculusTouch_v2/MRTexture.uasset" 560
"../../../Engine/Plugins/Runtime/OpenXR/Content/Devices/OculusTouch_v2/MRTexture.uexp" 561
"../../../Engine/Plugins/Runtime/OpenXR/Content/Devices/OculusTouch_v2/MRTexture.ubulk" 562
"../../../Engine/Plugins/Runtime/OpenXR/Content/Devices/OculusTouch_v2/BaseTexture.uasset" 563
"../../../Engine/Plugins/Runtime/OpenXR/Content/Devices/OculusTouch_v2/BaseTexture.uexp" 564
"../../../Engine/Plugins/Runtime/OpenXR/Content/Devices/OculusTouch_v2/BaseTexture.ubulk" 565
"../../../Engine/Plugins/Runtime/OpenXR/Content/Devices/OculusTouch_v2/MI_OculusTouch_v2.uasset" 566
"../../../Engine/Plugins/Runtime/OpenXR/Content/Devices/OculusTouch_v2/MI_OculusTouch_v2.uexp" 567
"../../../Engine/Plugins/Runtime/OpenXR/Content/Devices/OculusTouch_v2/Left/left_OculusTouch_v2Controller.uasset" 568
"../../../Engine/Plugins/Runtime/OpenXR/Content/Devices/OculusTouch_v2/Left/left_OculusTouch_v2Controller.uexp" 569
"../../../Engine/Plugins/Runtime/OpenXR/Content/Devices/OculusTouch_v2/Right/right_OculusTouch_v2Controller.uasset" 570
"../../../Engine/Plugins/Runtime/OpenXR/Content/Devices/OculusTouch_v2/Right/right_OculusTouch_v2Controller.uexp" 571
"../../../Engine/Plugins/Runtime/OpenXR/Content/Devices/OculusTouch_v3/MRTexture.uasset" 572
"../../../Engine/Plugins/Runtime/OpenXR/Content/Devices/OculusTouch_v3/MRTexture.uexp" 573
"../../../Engine/Plugins/Runtime/OpenXR/Content/Devices/OculusTouch_v3/MRTexture.ubulk" 574
"../../../Engine/Plugins/Runtime/OpenXR/Content/Devices/OculusTouch_v3/BaseTexture.uasset" 575
"../../../Engine/Plugins/Runtime/OpenXR/Content/Devices/OculusTouch_v3/BaseTexture.uexp" 576
"../../../Engine/Plugins/Runtime/OpenXR/Content/Devices/OculusTouch_v3/BaseTexture.ubulk" 577
"../../../Engine/Plugins/Runtime/OpenXR/Content/Devices/OculusTouch_v3/MI_OculusTouch_v3.uasset" 578
"../../../Engine/Plugins/Runtime/OpenXR/Content/Devices/OculusTouch_v3/MI_OculusTouch_v3.uexp" 579
"../../../Engine/Plugins/Runtime/OpenXR/Content/Devices/OculusTouch_v3/Left/left_OculusTouch_v3Controller.uasset" 580
"../../../Engine/Plugins/Runtime/OpenXR/Content/Devices/OculusTouch_v3/Left/left_OculusTouch_v3Controller.uexp" 581
"../../../Engine/Plugins/Runtime/OpenXR/Content/Devices/OculusTouch_v3/Right/right_OculusTouch_v3Controller.uasset" 582
"../../../Engine/Plugins/Runtime/OpenXR/Content/Devices/OculusTouch_v3/Right/right_OculusTouch_v3Controller.uexp" 583
"../../../Engine/Plugins/Runtime/OpenXR/Content/Devices/ValveIndex/MRTexture.uasset" 584
"../../../Engine/Plugins/Runtime/OpenXR/Content/Devices/ValveIndex/MRTexture.uexp" 585
"../../../Engine/Plugins/Runtime/OpenXR/Content/Devices/ValveIndex/MRTexture.ubulk" 586
"../../../Engine/Plugins/Runtime/OpenXR/Content/Devices/ValveIndex/BaseTexture.uasset" 587
"../../../Engine/Plugins/Runtime/OpenXR/Content/Devices/ValveIndex/BaseTexture.uexp" 588
"../../../Engine/Plugins/Runtime/OpenXR/Content/Devices/ValveIndex/BaseTexture.ubulk" 589
"../../../Engine/Plugins/Runtime/OpenXR/Content/Devices/ValveIndex/Left/MI_left_ValveIndex.uasset" 590
"../../../Engine/Plugins/Runtime/OpenXR/Content/Devices/ValveIndex/Left/MI_left_ValveIndex.uexp" 591
"../../../Engine/Plugins/Runtime/OpenXR/Content/Devices/ValveIndex/Left/left_ValveIndexController.uasset" 592
"../../../Engine/Plugins/Runtime/OpenXR/Content/Devices/ValveIndex/Left/left_ValveIndexController.uexp" 593
"../../../Engine/Plugins/Runtime/OpenXR/Content/Devices/ValveIndex/Right/MI_right_ValveIndex.uasset" 594
"../../../Engine/Plugins/Runtime/OpenXR/Content/Devices/ValveIndex/Right/MI_right_ValveIndex.uexp" 595
"../../../Engine/Plugins/Runtime/OpenXR/Content/Devices/ValveIndex/Right/right_ValveIndexController.uasset" 596
"../../../Engine/Plugins/Runtime/OpenXR/Content/Devices/ValveIndex/Right/right_ValveIndexController.uexp" 597
"../../../Engine/Content/Functions/Engine_MaterialFunctions02/Utility/BreakOutFloat4Components.uasset" 598
"../../../Engine/Content/Functions/Engine_MaterialFunctions02/Utility/BreakOutFloat4Components.uexp" 599
"../../../Engine/Content/Functions/Engine_MaterialFunctions02/Utility/MakeFloat3.uasset" 600
"../../../Engine/Content/Functions/Engine_MaterialFunctions02/Utility/MakeFloat3.uexp" 601
"../../../Engine/Plugins/Runtime/Oculus/OculusVR/Content/Materials/OculusMR_ChromaKey.uasset" 602
"../../../Engine/Plugins/Runtime/Oculus/OculusVR/Content/Materials/OculusMR_ChromaKey.uexp" 603
"../../../Engine/Plugins/Runtime/Oculus/OculusVR/Content/Materials/OculusMR_OpaqueColoredMaterial.uasset" 604
"../../../Engine/Plugins/Runtime/Oculus/OculusVR/Content/Materials/OculusMR_OpaqueColoredMaterial.uexp" 605
"../../../Engine/Plugins/Runtime/Oculus/OculusVR/Content/Materials/PokeAHoleMaterial.uasset" 606
"../../../Engine/Plugins/Runtime/Oculus/OculusVR/Content/Materials/PokeAHoleMaterial.uexp" 607
"../../../Engine/Plugins/Runtime/Oculus/OculusVR/Content/Textures/touchController_controlmap.uasset" 608
"../../../Engine/Plugins/Runtime/Oculus/OculusVR/Content/Textures/touchController_controlmap.uexp" 609
"../../../Engine/Plugins/Runtime/Oculus/OculusVR/Content/Textures/touchController_controlmap.ubulk" 610
"../../../Engine/Plugins/Runtime/Oculus/OculusVR/Content/Textures/touchController_albedo.uasset" 611
"../../../Engine/Plugins/Runtime/Oculus/OculusVR/Content/Textures/touchController_albedo.uexp" 612
"../../../Engine/Plugins/Runtime/Oculus/OculusVR/Content/Textures/touchController_albedo.ubulk" 613
"../../../Engine/Plugins/Runtime/Oculus/OculusVR/Content/Materials/touchController_mat.uasset" 614
"../../../Engine/Plugins/Runtime/Oculus/OculusVR/Content/Materials/touchController_mat.uexp" 615
"../../../Engine/Plugins/Runtime/Oculus/OculusVR/Content/Meshes/LeftTouchController.uasset" 616
"../../../Engine/Plugins/Runtime/Oculus/OculusVR/Content/Meshes/LeftTouchController.uexp" 617
"../../../Engine/Plugins/Runtime/Oculus/OculusVR/Content/Textures/TouchForQuestRiftSController_albedo.uasset" 618
"../../../Engine/Plugins/Runtime/Oculus/OculusVR/Content/Textures/TouchForQuestRiftSController_albedo.uexp" 619
"../../../Engine/Plugins/Runtime/Oculus/OculusVR/Content/Textures/TouchForQuestRiftSController_albedo.ubulk" 620
"../../../Engine/Plugins/Runtime/Oculus/OculusVR/Content/Materials/TouchForQuestRiftSControllerMaterial.uasset" 621
"../../../Engine/Plugins/Runtime/Oculus/OculusVR/Content/Materials/TouchForQuestRiftSControllerMaterial.uexp" 622
"../../../Engine/Plugins/Runtime/Oculus/OculusVR/Content/Meshes/LeftTouchForQuestRiftSController.uasset" 623
"../../../Engine/Plugins/Runtime/Oculus/OculusVR/Content/Meshes/LeftTouchForQuestRiftSController.uexp" 624
"../../../Engine/Plugins/Runtime/Oculus/OculusVR/Content/Meshes/RiftHMD.uasset" 625
"../../../Engine/Plugins/Runtime/Oculus/OculusVR/Content/Meshes/RiftHMD.uexp" 626
"../../../Engine/Plugins/Runtime/Oculus/OculusVR/Content/Meshes/RightTouchController.uasset" 627
"../../../Engine/Plugins/Runtime/Oculus/OculusVR/Content/Meshes/RightTouchController.uexp" 628
"../../../Engine/Plugins/Runtime/Oculus/OculusVR/Content/Meshes/RightTouchForQuestRiftSController.uasset" 629
"../../../Engine/Plugins/Runtime/Oculus/OculusVR/Content/Meshes/RightTouchForQuestRiftSController.uexp" 630
"D:/UnrealEngineProjects/GameJam/Plugins/SpinePlugin/Content/SpineLitNormalMaterial.uasset" 631
"D:/UnrealEngineProjects/GameJam/Plugins/SpinePlugin/Content/SpineLitNormalMaterial.uexp" 632
"D:/UnrealEngineProjects/GameJam/Plugins/SpinePlugin/Content/UI_SpineUnlitAdditiveMaterial.uasset" 633
"D:/UnrealEngineProjects/GameJam/Plugins/SpinePlugin/Content/UI_SpineUnlitAdditiveMaterial.uexp" 634
"D:/UnrealEngineProjects/GameJam/Plugins/SpinePlugin/Content/UI_SpineUnlitMultiplyMaterial.uasset" 635
"D:/UnrealEngineProjects/GameJam/Plugins/SpinePlugin/Content/UI_SpineUnlitMultiplyMaterial.uexp" 636
"D:/UnrealEngineProjects/GameJam/Plugins/SpinePlugin/Content/UI_SpineUnlitNormalMaterial.uasset" 637
"D:/UnrealEngineProjects/GameJam/Plugins/SpinePlugin/Content/UI_SpineUnlitNormalMaterial.uexp" 638
"D:/UnrealEngineProjects/GameJam/Plugins/SpinePlugin/Content/UI_SpineUnlitScreenMaterial.uasset" 639
"D:/UnrealEngineProjects/GameJam/Plugins/SpinePlugin/Content/UI_SpineUnlitScreenMaterial.uexp" 640
"D:/UnrealEngineProjects/GameJam/Content/System/JamGameInstance.uasset" 641
"D:/UnrealEngineProjects/GameJam/Content/System/JamGameInstance.uexp" 642
"D:/UnrealEngineProjects/GameJam/Content/Widgets/EndGameMenu.uasset" 643
"D:/UnrealEngineProjects/GameJam/Content/Widgets/EndGameMenu.uexp" 644
"../../../Engine/Content/MapTemplates/SM_Template_Map_Floor.uasset" 645
"../../../Engine/Content/MapTemplates/SM_Template_Map_Floor.uexp" 646
"../../../Engine/Content/EngineSky/T_Sky_Stars.uasset" 647
"../../../Engine/Content/EngineSky/T_Sky_Stars.uexp" 648
"../../../Engine/Content/EngineSky/T_Sky_Stars.ubulk" 649
"../../../Engine/Content/EngineSky/T_Sky_Clouds_M.uasset" 650
"../../../Engine/Content/EngineSky/T_Sky_Clouds_M.uexp" 651
"../../../Engine/Content/EngineSky/T_Sky_Clouds_M.ubulk" 652
"../../../Engine/Content/EngineSky/T_Sky_Blue.uasset" 653
"../../../Engine/Content/EngineSky/T_Sky_Blue.uexp" 654
"../../../Engine/Content/EngineSky/T_Sky_Blue.ubulk" 655
"../../../Engine/Content/EngineSky/M_Sky_Panning_Clouds2.uasset" 656
"../../../Engine/Content/EngineSky/M_Sky_Panning_Clouds2.uexp" 657
"D:/UnrealEngineProjects/GameJam/Content/Maps/EndGameMap_BuiltData.uasset" 658
"D:/UnrealEngineProjects/GameJam/Content/Maps/EndGameMap_BuiltData.uexp" 659
"D:/UnrealEngineProjects/GameJam/Content/Maps/EndGameMap_BuiltData.ubulk" 660
"../../../Engine/Content/EngineSky/SM_SkySphere.uasset" 661
"../../../Engine/Content/EngineSky/SM_SkySphere.uexp" 662
"../../../Engine/Content/EngineSky/C_Sky_Zenith_Color.uasset" 663
"../../../Engine/Content/EngineSky/C_Sky_Zenith_Color.uexp" 664
"../../../Engine/Content/EngineSky/C_Sky_Horizon_Color.uasset" 665
"../../../Engine/Content/EngineSky/C_Sky_Horizon_Color.uexp" 666
"../../../Engine/Content/EngineSky/C_Sky_Cloud_Color.uasset" 667
"../../../Engine/Content/EngineSky/C_Sky_Cloud_Color.uexp" 668
"../../../Engine/Content/EditorBlueprintResources/StandardMacros.uasset" 669
"../../../Engine/Content/EditorBlueprintResources/StandardMacros.uexp" 670
"../../../Engine/Content/EngineSky/BP_Sky_Sphere.uasset" 671
"../../../Engine/Content/EngineSky/BP_Sky_Sphere.uexp" 672
"D:/UnrealEngineProjects/GameJam/Content/Blueprints/Cameras/EndGameCamera.uasset" 673
"D:/UnrealEngineProjects/GameJam/Content/Blueprints/Cameras/EndGameCamera.uexp" 674
"D:/UnrealEngineProjects/GameJam/Content/Maps/EndGameMap.uexp" 675
"D:/UnrealEngineProjects/GameJam/Content/Maps/EndGameMap.umap" 676
"D:/UnrealEngineProjects/GameJam/Content/Spines/Textures/qural_2.uasset" 677
"D:/UnrealEngineProjects/GameJam/Content/Spines/Textures/qural_2.uexp" 678
"D:/UnrealEngineProjects/GameJam/Content/Spines/Textures/qural.uasset" 679
"D:/UnrealEngineProjects/GameJam/Content/Spines/Textures/qural.uexp" 680
"D:/UnrealEngineProjects/GameJam/Content/Music_And_Sounds/Music/ominous_music_by_nicoleta_motherfucking_wild.uasset" 681
"D:/UnrealEngineProjects/GameJam/Content/Music_And_Sounds/Music/ominous_music_by_nicoleta_motherfucking_wild.uexp" 682
"D:/UnrealEngineProjects/GameJam/Content/Music_And_Sounds/Music/ominous_music_by_nicoleta_motherfucking_wild_Cue.uasset" 683
"D:/UnrealEngineProjects/GameJam/Content/Music_And_Sounds/Music/ominous_music_by_nicoleta_motherfucking_wild_Cue.uexp" 684
"../../../Engine/Content/BasicShapes/Plane.uasset" 685
"../../../Engine/Content/BasicShapes/Plane.uexp" 686
"D:/UnrealEngineProjects/GameJam/Plugins/SpinePlugin/Content/SpineUnlitScreenMaterial.uasset" 687
"D:/UnrealEngineProjects/GameJam/Plugins/SpinePlugin/Content/SpineUnlitScreenMaterial.uexp" 688
"D:/UnrealEngineProjects/GameJam/Plugins/SpinePlugin/Content/SpineUnlitNormalMaterial.uasset" 689
"D:/UnrealEngineProjects/GameJam/Plugins/SpinePlugin/Content/SpineUnlitNormalMaterial.uexp" 690
"D:/UnrealEngineProjects/GameJam/Plugins/SpinePlugin/Content/SpineUnlitMultiplyMaterial.uasset" 691
"D:/UnrealEngineProjects/GameJam/Plugins/SpinePlugin/Content/SpineUnlitMultiplyMaterial.uexp" 692
"D:/UnrealEngineProjects/GameJam/Plugins/SpinePlugin/Content/SpineUnlitAdditiveMaterial.uasset" 693
"D:/UnrealEngineProjects/GameJam/Plugins/SpinePlugin/Content/SpineUnlitAdditiveMaterial.uexp" 694
"D:/UnrealEngineProjects/GameJam/Content/Textures/Nueva_mano.uasset" 695
"D:/UnrealEngineProjects/GameJam/Content/Textures/Nueva_mano.uexp" 696
"D:/UnrealEngineProjects/GameJam/Content/Textures/Nueva_mano_Mat.uasset" 697
"D:/UnrealEngineProjects/GameJam/Content/Textures/Nueva_mano_Mat.uexp" 698
"D:/UnrealEngineProjects/GameJam/Content/Textures/Nube.uasset" 699
"D:/UnrealEngineProjects/GameJam/Content/Textures/Nube.uexp" 700
"D:/UnrealEngineProjects/GameJam/Content/Textures/Nube_Mat.uasset" 701
"D:/UnrealEngineProjects/GameJam/Content/Textures/Nube_Mat.uexp" 702
"D:/UnrealEngineProjects/GameJam/Content/Textures/Cards/reload.uasset" 703
"D:/UnrealEngineProjects/GameJam/Content/Textures/Cards/reload.uexp" 704
"D:/UnrealEngineProjects/GameJam/Content/Textures/Cards/reload_Mat.uasset" 705
"D:/UnrealEngineProjects/GameJam/Content/Textures/Cards/reload_Mat.uexp" 706
"D:/UnrealEngineProjects/GameJam/Content/Textures/Background2/bg_1.uasset" 707
"D:/UnrealEngineProjects/GameJam/Content/Textures/Background2/bg_1.uexp" 708
"D:/UnrealEngineProjects/GameJam/Content/Textures/Background2/bg_1_Mat.uasset" 709
"D:/UnrealEngineProjects/GameJam/Content/Textures/Background2/bg_1_Mat.uexp" 710
"D:/UnrealEngineProjects/GameJam/Content/Textures/fondo_corregido.uasset" 711
"D:/UnrealEngineProjects/GameJam/Content/Textures/fondo_corregido.uexp" 712
"D:/UnrealEngineProjects/GameJam/Content/Textures/Background2/bg_0_Mat.uasset" 713
"D:/UnrealEngineProjects/GameJam/Content/Textures/Background2/bg_0_Mat.uexp" 714
"D:/UnrealEngineProjects/GameJam/Content/Textures/Background/roca_2.uasset" 715
"D:/UnrealEngineProjects/GameJam/Content/Textures/Background/roca_2.uexp" 716
"D:/UnrealEngineProjects/GameJam/Content/Textures/Background/roca_2_Mat.uasset" 717
"D:/UnrealEngineProjects/GameJam/Content/Textures/Background/roca_2_Mat.uexp" 718
"D:/UnrealEngineProjects/GameJam/Content/Textures/Background/roca_1.uasset" 719
"D:/UnrealEngineProjects/GameJam/Content/Textures/Background/roca_1.uexp" 720
"D:/UnrealEngineProjects/GameJam/Content/Textures/Background/roca_1_Mat.uasset" 721
"D:/UnrealEngineProjects/GameJam/Content/Textures/Background/roca_1_Mat.uexp" 722
"D:/UnrealEngineProjects/GameJam/Content/Textures/Background/luz.uasset" 723
"D:/UnrealEngineProjects/GameJam/Content/Textures/Background/luz.uexp" 724
"D:/UnrealEngineProjects/GameJam/Content/Textures/Background/luz_Mat.uasset" 725
"D:/UnrealEngineProjects/GameJam/Content/Textures/Background/luz_Mat.uexp" 726
"D:/UnrealEngineProjects/GameJam/Content/Textures/FinalTextures/coral_4a.uasset" 727
"D:/UnrealEngineProjects/GameJam/Content/Textures/FinalTextures/coral_4a.uexp" 728
"D:/UnrealEngineProjects/GameJam/Content/Textures/Background/coral_4a_Mat.uasset" 729
"D:/UnrealEngineProjects/GameJam/Content/Textures/Background/coral_4a_Mat.uexp" 730
"D:/UnrealEngineProjects/GameJam/Content/Textures/FinalTextures/coral_3.uasset" 731
"D:/UnrealEngineProjects/GameJam/Content/Textures/FinalTextures/coral_3.uexp" 732
"D:/UnrealEngineProjects/GameJam/Content/Textures/Background/coral_3_Mat.uasset" 733
"D:/UnrealEngineProjects/GameJam/Content/Textures/Background/coral_3_Mat.uexp" 734
"D:/UnrealEngineProjects/GameJam/Content/Textures/FinalTextures/coral_2.uasset" 735
"D:/UnrealEngineProjects/GameJam/Content/Textures/FinalTextures/coral_2.uexp" 736
"D:/UnrealEngineProjects/GameJam/Content/Textures/Background/coral_2_Mat.uasset" 737
"D:/UnrealEngineProjects/GameJam/Content/Textures/Background/coral_2_Mat.uexp" 738
"D:/UnrealEngineProjects/GameJam/Content/Textures/Background/coral_1.uasset" 739
"D:/UnrealEngineProjects/GameJam/Content/Textures/Background/coral_1.uexp" 740
"D:/UnrealEngineProjects/GameJam/Content/Textures/FinalTextures/coral_1.uasset" 741
"D:/UnrealEngineProjects/GameJam/Content/Textures/FinalTextures/coral_1.uexp" 742
"D:/UnrealEngineProjects/GameJam/Content/Textures/Background/coral_1_Mat.uasset" 743
"D:/UnrealEngineProjects/GameJam/Content/Textures/Background/coral_1_Mat.uexp" 744
"D:/UnrealEngineProjects/GameJam/Content/Textures/Background/bg_3.uasset" 745
"D:/UnrealEngineProjects/GameJam/Content/Textures/Background/bg_3.uexp" 746
"D:/UnrealEngineProjects/GameJam/Content/Textures/Background/bg_3_Mat.uasset" 747
"D:/UnrealEngineProjects/GameJam/Content/Textures/Background/bg_3_Mat.uexp" 748
"D:/UnrealEngineProjects/GameJam/Content/Textures/FinalTextures/algas_2.uasset" 749
"D:/UnrealEngineProjects/GameJam/Content/Textures/FinalTextures/algas_2.uexp" 750
"D:/UnrealEngineProjects/GameJam/Content/Textures/Background/algas_2_Mat.uasset" 751
"D:/UnrealEngineProjects/GameJam/Content/Textures/Background/algas_2_Mat.uexp" 752
"D:/UnrealEngineProjects/GameJam/Content/Textures/FinalTextures/algas_1.uasset" 753
"D:/UnrealEngineProjects/GameJam/Content/Textures/FinalTextures/algas_1.uexp" 754
"D:/UnrealEngineProjects/GameJam/Content/Textures/Background/algas_1_Mat.uasset" 755
"D:/UnrealEngineProjects/GameJam/Content/Textures/Background/algas_1_Mat.uexp" 756
"D:/UnrealEngineProjects/GameJam/Content/Materials/Terrain.uasset" 757
"D:/UnrealEngineProjects/GameJam/Content/Materials/Terrain.uexp" 758
"D:/UnrealEngineProjects/GameJam/Content/Materials/BlueSky.uasset" 759
"D:/UnrealEngineProjects/GameJam/Content/Materials/BlueSky.uexp" 760
"D:/UnrealEngineProjects/GameJam/Content/Maps/MainMap_BuiltData.uasset" 761
"D:/UnrealEngineProjects/GameJam/Content/Maps/MainMap_BuiltData.uexp" 762
"D:/UnrealEngineProjects/GameJam/Content/Maps/MainMap_BuiltData.ubulk" 763
"D:/UnrealEngineProjects/GameJam/Content/Textures/Cards/carta_defensa.uasset" 764
"D:/UnrealEngineProjects/GameJam/Content/Textures/Cards/carta_defensa.uexp" 765
"D:/UnrealEngineProjects/GameJam/Content/Textures/Cards/carta_defensa_Mat.uasset" 766
"D:/UnrealEngineProjects/GameJam/Content/Textures/Cards/carta_defensa_Mat.uexp" 767
"D:/UnrealEngineProjects/GameJam/Content/Blueprints/Enums/CardType.uasset" 768
"D:/UnrealEngineProjects/GameJam/Content/Blueprints/Enums/CardType.uexp" 769
"D:/UnrealEngineProjects/GameJam/Content/Fonts/Fugaz_One/FugazOne-Regular.uasset" 770
"D:/UnrealEngineProjects/GameJam/Content/Fonts/Fugaz_One/FugazOne-Regular.uexp" 771
"D:/UnrealEngineProjects/GameJam/Content/Fonts/Fugaz_One/FugazOne-Regular.ufont" 772
"D:/UnrealEngineProjects/GameJam/Content/Fonts/Fugaz_One/FugazOne-Regular_Font.uasset" 773
"D:/UnrealEngineProjects/GameJam/Content/Fonts/Fugaz_One/FugazOne-Regular_Font.uexp" 774
"D:/UnrealEngineProjects/GameJam/Content/Fonts/Fugaz_One/Inkut/InknutAntiqua-Bold.uasset" 775
"D:/UnrealEngineProjects/GameJam/Content/Fonts/Fugaz_One/Inkut/InknutAntiqua-Bold.uexp" 776
"D:/UnrealEngineProjects/GameJam/Content/Fonts/Fugaz_One/Inkut/InknutAntiqua-Bold.ufont" 777
"D:/UnrealEngineProjects/GameJam/Content/Fonts/Fugaz_One/Inkut/InknutAntiqua-Bold_Font.uasset" 778
"D:/UnrealEngineProjects/GameJam/Content/Fonts/Fugaz_One/Inkut/InknutAntiqua-Bold_Font.uexp" 779
"D:/UnrealEngineProjects/GameJam/Content/Fonts/Fugaz_One/Inkut/InknutAntiqua-ExtraBold.uasset" 780
"D:/UnrealEngineProjects/GameJam/Content/Fonts/Fugaz_One/Inkut/InknutAntiqua-ExtraBold.uexp" 781
"D:/UnrealEngineProjects/GameJam/Content/Fonts/Fugaz_One/Inkut/InknutAntiqua-ExtraBold.ufont" 782
"D:/UnrealEngineProjects/GameJam/Content/Fonts/Fugaz_One/Inkut/InknutAntiqua-ExtraBold_Font.uasset" 783
"D:/UnrealEngineProjects/GameJam/Content/Fonts/Fugaz_One/Inkut/InknutAntiqua-ExtraBold_Font.uexp" 784
"D:/UnrealEngineProjects/GameJam/Content/Fonts/Fugaz_One/Inkut/InknutAntiqua-Light.uasset" 785
"D:/UnrealEngineProjects/GameJam/Content/Fonts/Fugaz_One/Inkut/InknutAntiqua-Light.uexp" 786
"D:/UnrealEngineProjects/GameJam/Content/Fonts/Fugaz_One/Inkut/InknutAntiqua-Light.ufont" 787
"D:/UnrealEngineProjects/GameJam/Content/Fonts/Fugaz_One/Inkut/InknutAntiqua-Light_Font.uasset" 788
"D:/UnrealEngineProjects/GameJam/Content/Fonts/Fugaz_One/Inkut/InknutAntiqua-Light_Font.uexp" 789
"D:/UnrealEngineProjects/GameJam/Content/Music_And_Sounds/Sounds/mixkit-deep-water-bubbles-1321.uasset" 790
"D:/UnrealEngineProjects/GameJam/Content/Music_And_Sounds/Sounds/mixkit-deep-water-bubbles-1321.uexp" 791
"D:/UnrealEngineProjects/GameJam/Content/Textures/Buttons/Full_centro.uasset" 792
"D:/UnrealEngineProjects/GameJam/Content/Textures/Buttons/Full_centro.uexp" 793
"D:/UnrealEngineProjects/GameJam/Content/Textures/Buttons/Internal_Centro.uasset" 794
"D:/UnrealEngineProjects/GameJam/Content/Textures/Buttons/Internal_Centro.uexp" 795
"D:/UnrealEngineProjects/GameJam/Content/Textures/Buttons/Regular_Centro.uasset" 796
"D:/UnrealEngineProjects/GameJam/Content/Textures/Buttons/Regular_Centro.uexp" 797
"D:/UnrealEngineProjects/GameJam/Content/Textures/Dialog/dialog.uasset" 798
"D:/UnrealEngineProjects/GameJam/Content/Textures/Dialog/dialog.uexp" 799
"D:/UnrealEngineProjects/GameJam/Content/Textures/ProgressBars/BarraC2.uasset" 800
"D:/UnrealEngineProjects/GameJam/Content/Textures/ProgressBars/BarraC2.uexp" 801
"D:/UnrealEngineProjects/GameJam/Content/Textures/ProgressBars/BarraC1.uasset" 802
"D:/UnrealEngineProjects/GameJam/Content/Textures/ProgressBars/BarraC1.uexp" 803
"../../../Engine/Content/EngineSounds/Master.uasset" 804
"../../../Engine/Content/EngineSounds/Master.uexp" 805
"D:/UnrealEngineProjects/GameJam/Content/Music_And_Sounds/Mixers/JamSoundMix.uasset" 806
"D:/UnrealEngineProjects/GameJam/Content/Music_And_Sounds/Mixers/JamSoundMix.uexp" 807
"D:/UnrealEngineProjects/GameJam/Content/Textures/Background/MainMenu/Tridente_de_Neptuno_Menu.uasset" 808
"D:/UnrealEngineProjects/GameJam/Content/Textures/Background/MainMenu/Tridente_de_Neptuno_Menu.uexp" 809
"D:/UnrealEngineProjects/GameJam/Content/Widgets/SettingsMenu.uasset" 810
"D:/UnrealEngineProjects/GameJam/Content/Widgets/SettingsMenu.uexp" 811
"D:/UnrealEngineProjects/GameJam/Content/Widgets/PauseMenu.uasset" 812
"D:/UnrealEngineProjects/GameJam/Content/Widgets/PauseMenu.uexp" 813
"D:/UnrealEngineProjects/GameJam/Content/Widgets/HUD.uasset" 814
"D:/UnrealEngineProjects/GameJam/Content/Widgets/HUD.uexp" 815
"D:/UnrealEngineProjects/GameJam/Content/Textures/Cards/attack.uasset" 816
"D:/UnrealEngineProjects/GameJam/Content/Textures/Cards/attack.uexp" 817
"D:/UnrealEngineProjects/GameJam/Content/Textures/Cards/attack_Mat.uasset" 818
"D:/UnrealEngineProjects/GameJam/Content/Textures/Cards/attack_Mat.uexp" 819
"../../../Engine/Content/BasicShapes/Cube.uasset" 820
"../../../Engine/Content/BasicShapes/Cube.uexp" 821
"D:/UnrealEngineProjects/GameJam/Content/Music_And_Sounds/Sounds/CardDown1.uasset" 822
"D:/UnrealEngineProjects/GameJam/Content/Music_And_Sounds/Sounds/CardDown1.uexp" 823
"D:/UnrealEngineProjects/GameJam/Content/Music_And_Sounds/Sounds/CardDown2.uasset" 824
"D:/UnrealEngineProjects/GameJam/Content/Music_And_Sounds/Sounds/CardDown2.uexp" 825
"D:/UnrealEngineProjects/GameJam/Content/Music_And_Sounds/Sounds/CardDown.uasset" 826
"D:/UnrealEngineProjects/GameJam/Content/Music_And_Sounds/Sounds/CardDown.uexp" 827
"D:/UnrealEngineProjects/GameJam/Content/Music_And_Sounds/Sounds/CardSlap.uasset" 828
"D:/UnrealEngineProjects/GameJam/Content/Music_And_Sounds/Sounds/CardSlap.uexp" 829
"D:/UnrealEngineProjects/GameJam/Content/Music_And_Sounds/Sounds/CardSlap_Cue.uasset" 830
"D:/UnrealEngineProjects/GameJam/Content/Music_And_Sounds/Sounds/CardSlap_Cue.uexp" 831
"D:/UnrealEngineProjects/GameJam/Content/Music_And_Sounds/Sounds/CardUp1.uasset" 832
"D:/UnrealEngineProjects/GameJam/Content/Music_And_Sounds/Sounds/CardUp1.uexp" 833
"D:/UnrealEngineProjects/GameJam/Content/Music_And_Sounds/Sounds/CardUp2.uasset" 834
"D:/UnrealEngineProjects/GameJam/Content/Music_And_Sounds/Sounds/CardUp2.uexp" 835
"D:/UnrealEngineProjects/GameJam/Content/Music_And_Sounds/Sounds/CardUpCue.uasset" 836
"D:/UnrealEngineProjects/GameJam/Content/Music_And_Sounds/Sounds/CardUpCue.uexp" 837
"D:/UnrealEngineProjects/GameJam/Content/Widgets/CardDialog.uasset" 838
"D:/UnrealEngineProjects/GameJam/Content/Widgets/CardDialog.uexp" 839
"D:/UnrealEngineProjects/GameJam/Content/Blueprints/Actors/BaseCard.uasset" 840
"D:/UnrealEngineProjects/GameJam/Content/Blueprints/Actors/BaseCard.uexp" 841
"D:/UnrealEngineProjects/GameJam/Content/Blueprints/Characters/PlayerCharacter.uasset" 842
"D:/UnrealEngineProjects/GameJam/Content/Blueprints/Characters/PlayerCharacter.uexp" 843
"D:/UnrealEngineProjects/GameJam/Content/Blueprints/Enums/MatchResult.uasset" 844
"D:/UnrealEngineProjects/GameJam/Content/Blueprints/Enums/MatchResult.uexp" 845
"D:/UnrealEngineProjects/GameJam/Content/Blueprints/Structs/Decisions.uasset" 846
"D:/UnrealEngineProjects/GameJam/Content/Blueprints/Structs/Decisions.uexp" 847
"D:/UnrealEngineProjects/GameJam/Content/Spines/Qural-Skel.uasset" 848
"D:/UnrealEngineProjects/GameJam/Content/Spines/Qural-Skel.uexp" 849
"D:/UnrealEngineProjects/GameJam/Content/Spines/Qural-Atlas.uasset" 850
"D:/UnrealEngineProjects/GameJam/Content/Spines/Qural-Atlas.uexp" 851
"D:/UnrealEngineProjects/GameJam/Content/2DSideScroller/Spine/SpineActor.uasset" 852
"D:/UnrealEngineProjects/GameJam/Content/2DSideScroller/Spine/SpineActor.uexp" 853
"D:/UnrealEngineProjects/GameJam/Content/Widgets/Dialog.uasset" 854
"D:/UnrealEngineProjects/GameJam/Content/Widgets/Dialog.uexp" 855
"D:/UnrealEngineProjects/GameJam/Content/System/JamGameMode.uasset" 856
"D:/UnrealEngineProjects/GameJam/Content/System/JamGameMode.uexp" 857
"D:/UnrealEngineProjects/GameJam/Content/Maps/MainMap.uexp" 858
"D:/UnrealEngineProjects/GameJam/Content/Maps/MainMap.umap" 859
"D:/UnrealEngineProjects/GameJam/Content/Widgets/MainMenu.uasset" 860
"D:/UnrealEngineProjects/GameJam/Content/Widgets/MainMenu.uexp" 861
"D:/UnrealEngineProjects/GameJam/Content/Maps/MainMenuMap_BuiltData.uasset" 862
"D:/UnrealEngineProjects/GameJam/Content/Maps/MainMenuMap_BuiltData.uexp" 863
"D:/UnrealEngineProjects/GameJam/Content/Maps/MainMenuMap_BuiltData.ubulk" 864
"D:/UnrealEngineProjects/GameJam/Content/Blueprints/Cameras/MainMenuCamera.uasset" 865
"D:/UnrealEngineProjects/GameJam/Content/Blueprints/Cameras/MainMenuCamera.uexp" 866
"D:/UnrealEngineProjects/GameJam/Content/Maps/MainMenuMap.uexp" 867
"D:/UnrealEngineProjects/GameJam/Content/Maps/MainMenuMap.umap" 868
"D:/UnrealEngineProjects/GameJam/Content/2DSideScroller/Textures/2DCharacter_RunAnimAtlas.uasset" 869
"D:/UnrealEngineProjects/GameJam/Content/2DSideScroller/Textures/2DCharacter_RunAnimAtlas.uexp" 870
"D:/UnrealEngineProjects/GameJam/Content/2DSideScroller/Sprites/RunFrames/RunCycle_16.uasset" 871
"D:/UnrealEngineProjects/GameJam/Content/2DSideScroller/Sprites/RunFrames/RunCycle_16.uexp" 872
"D:/UnrealEngineProjects/GameJam/Content/2DSideScroller/Sprites/RunFrames/RunCycle_15.uasset" 873
"D:/UnrealEngineProjects/GameJam/Content/2DSideScroller/Sprites/RunFrames/RunCycle_15.uexp" 874
"D:/UnrealEngineProjects/GameJam/Content/2DSideScroller/Sprites/RunFrames/RunCycle_14.uasset" 875
"D:/UnrealEngineProjects/GameJam/Content/2DSideScroller/Sprites/RunFrames/RunCycle_14.uexp" 876
"D:/UnrealEngineProjects/GameJam/Content/2DSideScroller/Sprites/RunFrames/RunCycle_13.uasset" 877
"D:/UnrealEngineProjects/GameJam/Content/2DSideScroller/Sprites/RunFrames/RunCycle_13.uexp" 878
"D:/UnrealEngineProjects/GameJam/Content/2DSideScroller/Sprites/RunFrames/RunCycle_12.uasset" 879
"D:/UnrealEngineProjects/GameJam/Content/2DSideScroller/Sprites/RunFrames/RunCycle_12.uexp" 880
"D:/UnrealEngineProjects/GameJam/Content/2DSideScroller/Sprites/RunFrames/RunCycle_11.uasset" 881
"D:/UnrealEngineProjects/GameJam/Content/2DSideScroller/Sprites/RunFrames/RunCycle_11.uexp" 882
"D:/UnrealEngineProjects/GameJam/Content/2DSideScroller/Sprites/RunFrames/RunCycle_10.uasset" 883
"D:/UnrealEngineProjects/GameJam/Content/2DSideScroller/Sprites/RunFrames/RunCycle_10.uexp" 884
"D:/UnrealEngineProjects/GameJam/Content/2DSideScroller/Sprites/RunFrames/RunCycle_1.uasset" 885
"D:/UnrealEngineProjects/GameJam/Content/2DSideScroller/Sprites/RunFrames/RunCycle_1.uexp" 886
"D:/UnrealEngineProjects/GameJam/Content/2DSideScroller/Sprites/RunFrames/RunCycle_2.uasset" 887
"D:/UnrealEngineProjects/GameJam/Content/2DSideScroller/Sprites/RunFrames/RunCycle_2.uexp" 888
"D:/UnrealEngineProjects/GameJam/Content/2DSideScroller/Sprites/RunFrames/RunCycle_3.uasset" 889
"D:/UnrealEngineProjects/GameJam/Content/2DSideScroller/Sprites/RunFrames/RunCycle_3.uexp" 890
"D:/UnrealEngineProjects/GameJam/Content/2DSideScroller/Sprites/RunFrames/RunCycle_4.uasset" 891
"D:/UnrealEngineProjects/GameJam/Content/2DSideScroller/Sprites/RunFrames/RunCycle_4.uexp" 892
"D:/UnrealEngineProjects/GameJam/Content/2DSideScroller/Sprites/RunFrames/RunCycle_5.uasset" 893
"D:/UnrealEngineProjects/GameJam/Content/2DSideScroller/Sprites/RunFrames/RunCycle_5.uexp" 894
"D:/UnrealEngineProjects/GameJam/Content/2DSideScroller/Sprites/RunFrames/RunCycle_6.uasset" 895
"D:/UnrealEngineProjects/GameJam/Content/2DSideScroller/Sprites/RunFrames/RunCycle_6.uexp" 896
"D:/UnrealEngineProjects/GameJam/Content/2DSideScroller/Sprites/RunFrames/RunCycle_7.uasset" 897
"D:/UnrealEngineProjects/GameJam/Content/2DSideScroller/Sprites/RunFrames/RunCycle_7.uexp" 898
"D:/UnrealEngineProjects/GameJam/Content/2DSideScroller/Sprites/RunFrames/RunCycle_8.uasset" 899
"D:/UnrealEngineProjects/GameJam/Content/2DSideScroller/Sprites/RunFrames/RunCycle_8.uexp" 900
"D:/UnrealEngineProjects/GameJam/Content/2DSideScroller/Sprites/RunFrames/RunCycle_9.uasset" 901
"D:/UnrealEngineProjects/GameJam/Content/2DSideScroller/Sprites/RunFrames/RunCycle_9.uexp" 902
"D:/UnrealEngineProjects/GameJam/Content/2DSideScroller/Sprites/RunningAnimation.uasset" 903
"D:/UnrealEngineProjects/GameJam/Content/2DSideScroller/Sprites/RunningAnimation.uexp" 904
"D:/UnrealEngineProjects/GameJam/Content/2DSideScroller/Textures/2DBackgroundBlockAtlas.uasset" 905
"D:/UnrealEngineProjects/GameJam/Content/2DSideScroller/Textures/2DBackgroundBlockAtlas.uexp" 906
"D:/UnrealEngineProjects/GameJam/Content/2DSideScroller/Sprites/Ledge.uasset" 907
"D:/UnrealEngineProjects/GameJam/Content/2DSideScroller/Sprites/Ledge.uexp" 908
"D:/UnrealEngineProjects/GameJam/Content/2DSideScroller/Textures/2DCharacter_IdleAnimAtlas.uasset" 909
"D:/UnrealEngineProjects/GameJam/Content/2DSideScroller/Textures/2DCharacter_IdleAnimAtlas.uexp" 910
"D:/UnrealEngineProjects/GameJam/Content/2DSideScroller/Sprites/IdleFrames/IdleCycle8.uasset" 911
"D:/UnrealEngineProjects/GameJam/Content/2DSideScroller/Sprites/IdleFrames/IdleCycle8.uexp" 912
"D:/UnrealEngineProjects/GameJam/Content/2DSideScroller/Sprites/IdleFrames/IdleCycle7.uasset" 913
"D:/UnrealEngineProjects/GameJam/Content/2DSideScroller/Sprites/IdleFrames/IdleCycle7.uexp" 914
"D:/UnrealEngineProjects/GameJam/Content/2DSideScroller/Sprites/IdleFrames/IdleCycle6.uasset" 915
"D:/UnrealEngineProjects/GameJam/Content/2DSideScroller/Sprites/IdleFrames/IdleCycle6.uexp" 916
"D:/UnrealEngineProjects/GameJam/Content/2DSideScroller/Sprites/IdleFrames/IdleCycle5.uasset" 917
"D:/UnrealEngineProjects/GameJam/Content/2DSideScroller/Sprites/IdleFrames/IdleCycle5.uexp" 918
"D:/UnrealEngineProjects/GameJam/Content/2DSideScroller/Sprites/IdleFrames/IdleCycle4.uasset" 919
"D:/UnrealEngineProjects/GameJam/Content/2DSideScroller/Sprites/IdleFrames/IdleCycle4.uexp" 920
"D:/UnrealEngineProjects/GameJam/Content/2DSideScroller/Sprites/IdleFrames/IdleCycle3.uasset" 921
"D:/UnrealEngineProjects/GameJam/Content/2DSideScroller/Sprites/IdleFrames/IdleCycle3.uexp" 922
"D:/UnrealEngineProjects/GameJam/Content/2DSideScroller/Sprites/IdleFrames/IdleCycle2.uasset" 923
"D:/UnrealEngineProjects/GameJam/Content/2DSideScroller/Sprites/IdleFrames/IdleCycle2.uexp" 924
"D:/UnrealEngineProjects/GameJam/Content/2DSideScroller/Sprites/IdleFrames/IdleCycle1.uasset" 925
"D:/UnrealEngineProjects/GameJam/Content/2DSideScroller/Sprites/IdleFrames/IdleCycle1.uexp" 926
"D:/UnrealEngineProjects/GameJam/Content/2DSideScroller/Sprites/IdleAnimation.uasset" 927
"D:/UnrealEngineProjects/GameJam/Content/2DSideScroller/Sprites/IdleAnimation.uexp" 928
"../../../Engine/Plugins/2D/Paper2D/Content/OpaqueUnlitSpriteMaterial.uasset" 929
"../../../Engine/Plugins/2D/Paper2D/Content/OpaqueUnlitSpriteMaterial.uexp" 930
"D:/UnrealEngineProjects/GameJam/Content/2DSideScroller/Textures/2DBackground.uasset" 931
"D:/UnrealEngineProjects/GameJam/Content/2DSideScroller/Textures/2DBackground.uexp" 932
"D:/UnrealEngineProjects/GameJam/Content/2DSideScroller/Sprites/Background_Sprite.uasset" 933
"D:/UnrealEngineProjects/GameJam/Content/2DSideScroller/Sprites/Background_Sprite.uexp" 934
"D:/UnrealEngineProjects/GameJam/Content/2DSideScroller/Spine/Textures/spineboy-pro.uasset" 935
"D:/UnrealEngineProjects/GameJam/Content/2DSideScroller/Spine/Textures/spineboy-pro.uexp" 936
"D:/UnrealEngineProjects/GameJam/Content/2DSideScroller/Spine/spineboy-pro.uasset" 937
"D:/UnrealEngineProjects/GameJam/Content/2DSideScroller/Spine/spineboy-pro.uexp" 938
"D:/UnrealEngineProjects/GameJam/Content/2DSideScroller/Spine/MySpine.uasset" 939
"D:/UnrealEngineProjects/GameJam/Content/2DSideScroller/Spine/MySpine.uexp" 940
"D:/UnrealEngineProjects/GameJam/Content/2DSideScrollerCPP/Blueprints/BP_2DSideScrollerCharacter.uasset" 941
"D:/UnrealEngineProjects/GameJam/Content/2DSideScrollerCPP/Blueprints/BP_2DSideScrollerCharacter.uexp" 942
"D:/UnrealEngineProjects/GameJam/Content/2DSideScrollerCPP/Maps/2DSideScrollerExampleMap_BuiltData.uasset" 943
"D:/UnrealEngineProjects/GameJam/Content/2DSideScrollerCPP/Maps/2DSideScrollerExampleMap_BuiltData.uexp" 944
"../../../Engine/Content/MapTemplates/Bokeh_5Sides.uasset" 945
"../../../Engine/Content/MapTemplates/Bokeh_5Sides.uexp" 946
"../../../Engine/Content/MapTemplates/Bokeh_5Sides.ubulk" 947
"../../../Engine/Content/MapTemplates/T_ScreenDirt02_w.uasset" 948
"../../../Engine/Content/MapTemplates/T_ScreenDirt02_w.uexp" 949
"D:/UnrealEngineProjects/GameJam/Content/2DSideScrollerCPP/Maps/2DSideScrollerExampleMap.uexp" 950
"D:/UnrealEngineProjects/GameJam/Content/2DSideScrollerCPP/Maps/2DSideScrollerExampleMap.umap" 951
